Log file open, 10/03/17 04:46:40
LogInit:Display: Running engine for game: ArchvisVid
LogPlatformFile: Not using cached read wrapper
LogInit:Display: RandInit(1202879186) SRandInit(1202879186).
LogTaskGraph: Started task graph with 5 named threads and 8 total threads with 1 sets of task threads.
LogStats: Stats thread started at 0.090991
LogInit: Using libcurl 7.47.1
LogInit:  - built for x86_64-pc-win32
LogInit:  - supports SSL with OpenSSL/1.0.2g
LogInit:  - supports HTTP deflate (compression) using libz 1.2.8
LogInit:  - other features:
LogInit:      CURL_VERSION_SSL
LogInit:      CURL_VERSION_LIBZ
LogInit:      CURL_VERSION_IPV6
LogInit:      CURL_VERSION_ASYNCHDNS
LogInit:      CURL_VERSION_LARGEFILE
LogInit:      CURL_VERSION_IDN
LogInit:  CurlRequestOptions (configurable via config and command line):
LogInit:  - bVerifyPeer = false  - Libcurl will NOT verify peer certificate
LogInit:  - bUseHttpProxy = false  - Libcurl will NOT use HTTP proxy
LogInit:  - bDontReuseConnections = false  - Libcurl will reuse connections
LogInit:  - CertBundlePath = nullptr  - Libcurl will use whatever was configured at build time.
LogInit: Build: ++UE4+Release-4.16-CL-3561208
LogInit: Engine Version: 4.16.3-3561208+++UE4+Release-4.16
LogInit: Compatible Engine Version: 4.16.0-3452394+++UE4+Release-4.16
LogInit: Net CL: 3452394
LogDevObjectVersion: Number of dev versions registered: 16
LogDevObjectVersion:   Dev-Blueprints (B0D832E4-1F89-4F0D-ACCF-7EB736FD4AA2): 9
LogDevObjectVersion:   Dev-Build (E1C64328-A22C-4D53-A36C-8E866417BD8C): 0
LogDevObjectVersion:   Dev-Core (375EC13C-06E4-48FB-B500-84F0262A717E): 2
LogDevObjectVersion:   Dev-Editor (E4B068ED-F494-42E9-A231-DA0B2E46BB41): 17
LogDevObjectVersion:   Dev-Framework (CFFC743F-43B0-4480-9391-14DF171D2073): 23
LogDevObjectVersion:   Dev-Mobile (B02B49B5-BB20-44E9-A304-32B752E40360): 0
LogDevObjectVersion:   Dev-Networking (A4E4105C-59A1-49B5-A7C5-40C4547EDFEE): 0
LogDevObjectVersion:   Dev-Online (39C831C9-5AE6-47DC-9A44-9C173E1C8E7C): 0
LogDevObjectVersion:   Dev-Physics (78F01B33-EBEA-4F98-B9B4-84EACCB95AA2): 0
LogDevObjectVersion:   Dev-Platform (6631380F-2D4D-43E0-8009-CF276956A95A): 0
LogDevObjectVersion:   Dev-Rendering (12F88B9F-8875-4AFC-A67C-D90C383ABD29): 15
LogDevObjectVersion:   Dev-Sequencer (7B5AE74C-D270-4C10-A958-57980B212A5A): 4
LogDevObjectVersion:   Dev-VR (D7296918-1DD6-4BDD-9DE2-64A83CC13884): 0
LogDevObjectVersion:   Dev-LoadTimes (C2A15278-BFE7-4AFE-6C17-90FF531DF755): 1
LogDevObjectVersion:   Private-Geometry (6EACA3D4-40EC-4CC1-B786-8BED09428FC5): 1
LogDevObjectVersion:   Dev-AnimPhys (29E575DD-E0A3-4627-9D10-D276232CDCEA): 3
LogInit: Compiled (64-bit): Jul 28 2017 11:49:47
LogInit: Compiled with Visual C++: 19.00.24215.01
LogInit: Build Configuration: Development
LogInit: Branch Name: ++UE4+Release-4.16
LogInit: Command line:  
LogInit: Base directory: C:/Program Files/Epic Games/UE_4.16/Engine/Binaries/Win64/
LogInit: Installed Engine Build: 1
LogInit: Presizing for max 8388607 objects, including 0 objects not considered by GC, pre-allocating 0 bytes for permanent pool.
LogInit: Object subsystem initialized
[2017.10.02-21.46.40:939][  0]LogInit: Selected Device Profile: [Windows]
[2017.10.02-21.46.40:939][  0]LogInit: Applying CVar settings loaded from the selected device profile: [Windows]
[2017.10.02-21.46.40:969][  0]LogInit: Computer: FAJAR-PC
[2017.10.02-21.46.40:969][  0]LogInit: User: kurni
[2017.10.02-21.46.40:969][  0]LogInit: CPU Page size=4096, Cores=4
[2017.10.02-21.46.40:969][  0]LogInit: High frequency timer resolution =3.421876 MHz
[2017.10.02-21.46.40:970][  0]LogMemory: Memory total: Physical=16.0GB (16GB approx)
[2017.10.02-21.46.40:970][  0]LogMemory: Platform Memory Stats for Windows
[2017.10.02-21.46.40:970][  0]LogMemory: Process Physical Memory: 273.73 MB used, 273.73 MB peak
[2017.10.02-21.46.40:970][  0]LogMemory: Process Virtual Memory: 266.64 MB used, 266.64 MB peak
[2017.10.02-21.46.40:970][  0]LogMemory: Physical Memory: 6448.15 MB used,  9895.96 MB free, 16344.11 MB total
[2017.10.02-21.46.40:970][  0]LogMemory: Virtual Memory: 643.55 MB used,  9895.96 MB free, 134217728.00 MB total
[2017.10.02-21.46.41:074][  0]LogInit: Using OS detected language (en-US).
[2017.10.02-21.46.41:074][  0]LogInit: Using OS detected locale (en-US).
[2017.10.02-21.46.41:133][  0]LogTextLocalizationManager: No specific localization for 'en-US' exists, so the 'en' localization will be used.
[2017.10.02-21.46.44:128][  0]LogD3D11RHI: D3D11 adapters:
[2017.10.02-21.46.44:157][  0]LogD3D11RHI:    0. 'Radeon (TM) RX 480 Graphics' (Feature Level 11_0)
[2017.10.02-21.46.44:157][  0]LogD3D11RHI:       8139/0/8172 MB DedicatedVideo/DedicatedSystem/SharedSystem, Outputs:2, VendorId:0x1002
[2017.10.02-21.46.44:158][  0]LogD3D11RHI:    1. 'Microsoft Basic Render Driver' (Feature Level 11_0)
[2017.10.02-21.46.44:158][  0]LogD3D11RHI:       0/0/8172 MB DedicatedVideo/DedicatedSystem/SharedSystem, Outputs:0, VendorId:0x1414
[2017.10.02-21.46.44:158][  0]LogD3D11RHI: Chosen D3D11 Adapter: 0
[2017.10.02-21.46.44:167][  0]LogD3D11RHI: Creating new Direct3DDevice
[2017.10.02-21.46.44:167][  0]LogD3D11RHI:     GPU DeviceId: 0x67df (for the marketing name, search the web for "GPU Device Id")
[2017.10.02-21.46.44:167][  0]LogWindows: EnumDisplayDevices:
[2017.10.02-21.46.44:167][  0]LogWindows:    0. 'Radeon (TM) RX 480 Graphics' (P:1 D:1)
[2017.10.02-21.46.44:168][  0]LogWindows:    1. 'Radeon (TM) RX 480 Graphics' (P:0 D:1)
[2017.10.02-21.46.44:168][  0]LogWindows:    2. 'Radeon (TM) RX 480 Graphics' (P:0 D:0)
[2017.10.02-21.46.44:168][  0]LogWindows:    3. 'Radeon (TM) RX 480 Graphics' (P:0 D:0)
[2017.10.02-21.46.44:168][  0]LogWindows:    4. 'Radeon (TM) RX 480 Graphics' (P:0 D:0)
[2017.10.02-21.46.44:168][  0]LogWindows:    5. 'Radeon (TM) RX 480 Graphics' (P:0 D:0)
[2017.10.02-21.46.44:168][  0]LogWindows: DebugString: FoundDriverCount:6 
[2017.10.02-21.46.44:168][  0]LogD3D11RHI:     Adapter Name: Radeon (TM) RX 480 Graphics
[2017.10.02-21.46.44:168][  0]LogD3D11RHI:   Driver Version: Crimson ReLive 17.7.2 (internal:22.19.662.4, unified:22.19.662.4)
[2017.10.02-21.46.44:168][  0]LogD3D11RHI:      Driver Date: 7-20-2017
[2017.10.02-21.46.44:168][  0]LogRHI: Texture pool is 1361 MB (70% of 1945 MB)
[2017.10.02-21.46.44:204][  0]LogD3D11RHI: Async texture creation enabled
[2017.10.02-21.46.44:217][  0]LogD3D11RHI: GPU Timing Frequency: 25.000000 (Debug: 2 1)
[2017.10.02-21.46.44:218][  0]LogShaderCompilers: Guid format shader working directory is -33 characters bigger than the processId version (../../../../../../Users/kurni/Documents/Unreal Projects/Ubud Bali 2/ArchvisVid/Intermediate/Shaders/WorkingDirectory/28044/).
[2017.10.02-21.46.44:218][  0]LogShaderCompilers: Cleaned the shader compiler working directory 'C:/Users/kurni/AppData/Local/Temp/UnrealShaderWorkingDir/B52D6B1A4FF6904E9FE238A6279FDC9D/'.
[2017.10.02-21.46.44:218][  0]LogShaderCompilers:Display: Using Local Shader Compiler.
[2017.10.02-21.46.45:867][  0]LogTemp:Display: Loaded TP AllDesktopTargetPlatform
[2017.10.02-21.46.45:920][  0]LogTemp:Display: Loaded TP MacClientTargetPlatform
[2017.10.02-21.46.45:961][  0]LogTemp:Display: Loaded TP MacNoEditorTargetPlatform
[2017.10.02-21.46.46:001][  0]LogTemp:Display: Loaded TP MacServerTargetPlatform
[2017.10.02-21.46.46:050][  0]LogTemp:Display: Loaded TP MacTargetPlatform
[2017.10.02-21.46.46:096][  0]LogTemp:Display: Loaded TP WindowsClientTargetPlatform
[2017.10.02-21.46.46:144][  0]LogTemp:Display: Loaded TP WindowsNoEditorTargetPlatform
[2017.10.02-21.46.46:188][  0]LogTemp:Display: Loaded TP WindowsServerTargetPlatform
[2017.10.02-21.46.46:229][  0]LogTemp:Display: Loaded TP WindowsTargetPlatform
[2017.10.02-21.46.46:276][  0]LogTemp:Display: Loaded TP AndroidTargetPlatform
[2017.10.02-21.46.46:320][  0]LogTemp:Display: Loaded TP Android_ASTCTargetPlatform
[2017.10.02-21.46.46:363][  0]LogTemp:Display: Loaded TP Android_ATCTargetPlatform
[2017.10.02-21.46.46:416][  0]LogTemp:Display: Loaded TP Android_DXTTargetPlatform
[2017.10.02-21.46.46:461][  0]LogTemp:Display: Loaded TP Android_ETC1TargetPlatform
[2017.10.02-21.46.46:505][  0]LogTemp:Display: Loaded TP Android_ETC2TargetPlatform
[2017.10.02-21.46.46:593][  0]LogTemp:Display: Loaded TP Android_MultiTargetPlatform
[2017.10.02-21.46.46:593][  0]LogTemp:Display: Loaded TP Android_PVRTCTargetPlatform
[2017.10.02-21.46.46:633][  0]LogTemp:Display: Loaded TP HTML5TargetPlatform
[2017.10.02-21.46.46:720][  0]LogTemp:Display: Loaded TP IOSTargetPlatform
[2017.10.02-21.46.46:744][  0]LogTemp:Display: Loaded TP TVOSTargetPlatform
[2017.10.02-21.46.46:785][  0]LogTemp:Display: Loaded TP LinuxClientTargetPlatform
[2017.10.02-21.46.46:836][  0]LogTemp:Display: Loaded TP LinuxNoEditorTargetPlatform
[2017.10.02-21.46.46:877][  0]LogTemp:Display: Loaded TP LinuxServerTargetPlatform
[2017.10.02-21.46.46:923][  0]LogTemp:Display: Loaded TP LinuxTargetPlatform
[2017.10.02-21.46.46:923][  0]LogTargetPlatformManager:Display: Building Assets For Windows
[2017.10.02-21.46.47:400][  0]LogDerivedDataCache:Display: Max Cache Size: 512 MB
[2017.10.02-21.46.47:775][  0]LogDerivedDataCache: Loaded boot cache 0.38s 90MB C:/Users/kurni/AppData/Local/UnrealEngine/4.16/DerivedDataCache/Boot.ddc.
[2017.10.02-21.46.47:775][  0]LogDerivedDataCache:Display: Loaded Boot cache: C:/Users/kurni/AppData/Local/UnrealEngine/4.16/DerivedDataCache/Boot.ddc
[2017.10.02-21.46.47:775][  0]LogDerivedDataCache: FDerivedDataBackendGraph:  Pak pak cache file ../../../../../../Users/kurni/Documents/Unreal Projects/Ubud Bali 2/ArchvisVid/DerivedDataCache/DDC.ddp not found, will not use a pak cache.
[2017.10.02-21.46.47:775][  0]LogDerivedDataCache: Unable to find inner node Pak for hierarchical cache Hierarchy.
[2017.10.02-21.46.47:775][  0]LogDerivedDataCache: FDerivedDataBackendGraph:  CompressedPak pak cache file ../../../../../../Users/kurni/Documents/Unreal Projects/Ubud Bali 2/ArchvisVid/DerivedDataCache/Compressed.ddp not found, will not use a pak cache.
[2017.10.02-21.46.47:775][  0]LogDerivedDataCache: Unable to find inner node CompressedPak for hierarchical cache Hierarchy.
[2017.10.02-21.46.47:793][  0]LogDerivedDataCache:Display: Pak cache opened for reading ../../../Engine/DerivedDataCache/Compressed.ddp.
[2017.10.02-21.46.47:805][  0]LogDerivedDataCache: Using Local data cache path C:/Users/kurni/AppData/Local/UnrealEngine/Common/DerivedDataCache: Writable
[2017.10.02-21.46.47:815][  0]LogMaterial: Verifying Global Shaders for PCD3D_SM5
[2017.10.02-21.46.47:816][  0]LogSlate: Using Freetype 2.6.0
[2017.10.02-21.46.47:832][  0]LogSlate: SlateFontCache - WITH_FREETYPE: 1, WITH_HARFBUZZ: 1
[2017.10.02-21.46.47:832][  0]LogSlate: SlateFontCache - WITH_FREETYPE: 1, WITH_HARFBUZZ: 1
[2017.10.02-21.46.48:638][  0]LogInit: Selected Device Profile: [Windows]
[2017.10.02-21.46.48:728][  0]LogContentStreaming: Texture pool size is 0.00 MB
[2017.10.02-21.46.48:868][  0]LogMeshUtilities: Using QuadricMeshReduction for automatic static mesh reduction
[2017.10.02-21.46.48:910][  0]LogSimplygon: Simplygon DLL not present - disabling.
[2017.10.02-21.46.48:950][  0]LogMeshUtilities: Using SimplygonSwarm for distributed automatic mesh merging
[2017.10.02-21.46.48:950][  0]LogMeshUtilities: No automatic skeletal mesh reduction module available
[2017.10.02-21.46.48:950][  0]LogMeshUtilities: No automatic mesh merging module available
[2017.10.02-21.46.49:530][  0]LogNetVersion: ArchvisVid , NetCL: 3452394, EngineNetVer: 2, GameNetVer: 0 (Checksum: 1774684851)
[2017.10.02-21.46.49:592][  0]LogAssetRegistry: FAssetRegistry took 0.0253 seconds to start up
[2017.10.02-21.46.49:658][  0]LogPackageLocalizationCache: Processed 4 localized package path(s) for 2 prioritized culture(s) in 0.043566 seconds
[2017.10.02-21.46.49:663][  0]LogUObjectArray: 34194 objects as part of root set at end of initial load.
[2017.10.02-21.46.49:663][  0]LogUObjectAllocator: 7260424 out of 0 bytes used by permanent object pool.
[2017.10.02-21.46.49:663][  0]LogUObjectArray: CloseDisregardForGC: 0/0 objects in disregard for GC pool
[2017.10.02-21.46.49:724][  0]LogInit: WinSock: version 1.1 (2.2), MaxSocks=32767, MaxUdp=65467
[2017.10.02-21.46.53:733][  0]LogTcpMessaging: Initializing TcpMessaging bridge
[2017.10.02-21.46.53:769][  0]LogUdpMessaging: Initializing bridge on interface 0.0.0.0:0 to multicast group 230.0.0.1:6666.
[2017.10.02-21.46.54:309][  0]LogMaterial: Uniform references updated for custom material expression Custom.
[2017.10.02-21.46.54:660][  0]SourceControl: Info Source control is disabled
[2017.10.02-21.46.54:696][  0]SourceControl: Info Source control is disabled
[2017.10.02-21.46.54:736][  0]SourceControl: Info Source control is disabled
[2017.10.02-21.46.54:775][  0]SourceControl: Info Source control is disabled
[2017.10.02-21.46.55:404][  0]LogAndroidPermission: UAndroidPermissionCallbackProxy::GetInstance
[2017.10.02-21.46.55:949][  0]LogEngine: Initializing Engine...
[2017.10.02-21.46.55:950][  0]LogHMD: Failed to initialize OpenVR with code 110
[2017.10.02-21.46.56:138][  0]LogStats: UGameplayTagsManager::ConstructGameplayTagTree: Construct from data asset -  0.000 s
[2017.10.02-21.46.56:139][  0]LogStats: UGameplayTagsManager::ConstructGameplayTagTree: GameplayTagTreeChangedEvent.Broadcast -  0.000 s
[2017.10.02-21.46.56:253][  0]LogAIModule: Creating AISystem for world Untitled
[2017.10.02-21.46.56:263][  0]LogInit: XAudio2 using 'Speakers (Realtek High Definition Audio)' : 2 channels at 48 kHz using 32 bits per sample (channel mask 0x3)
[2017.10.02-21.46.56:325][  0]LogInit: FAudioDevice initialized.
[2017.10.02-21.46.56:364][  0]LogDerivedDataCache: Saved boot cache 0.04s 90MB C:/Users/kurni/AppData/Local/UnrealEngine/4.16/DerivedDataCache/Boot.ddc.
[2017.10.02-21.46.56:376][  0]LogInit: Texture streaming: Enabled
[2017.10.02-21.46.56:469][  0]LogEngineSessionManager: EngineSessionManager initialized
[2017.10.02-21.46.56:683][  0]LogInit: Transaction tracking system initialized
[2017.10.02-21.46.56:961][  0]BlueprintLog: New page: Editor Load
[2017.10.02-21.46.57:815][  0]LocalizationService: Info Localization service is disabled
[2017.10.02-21.46.58:592][  0]LogConsoleResponse:Display: 
[2017.10.02-21.46.58:764][  0]LogCook:Display: Max memory allowance for cook 16384mb min free memory 0mb
[2017.10.02-21.46.58:764][  0]LogCook:Display: Mobile HDR setting 1
[2017.10.02-21.46.58:890][  0]LogFileCache: Scanning file cache for directory 'C:/Users/kurni/Documents/Unreal Projects/Ubud Bali 2/ArchvisVid/Content/' took 0.02s
[2017.10.02-21.46.59:696][  0]SourceControl: Info Source control is disabled
[2017.10.02-21.46.59:696][  0]Cmd: MAP LOAD FILE="../../../../../../Users/kurni/Documents/Unreal Projects/Ubud Bali 2/ArchvisVid/Content/Maps/Metlands.umap" TEMPLATE=0 SHOWPROGRESS=1 FEATURELEVEL=3
[2017.10.02-21.46.59:696][  0]LightingResults: New page: Lighting Build
[2017.10.02-21.46.59:733][  0]MapCheck: New page: Map Check
[2017.10.02-21.46.59:733][  0]LightingResults: New page: Lighting Build
[2017.10.02-21.47.00:852][  0]LogAIModule: Creating AISystem for world Metlands
[2017.10.02-21.47.01:032][  0]LogEditorServer: Finished looking for orphan Actors (0.000 secs)
[2017.10.02-21.47.01:045][  0]Cmd: MAP CHECKDEP NOCLEARLOG
[2017.10.02-21.47.01:087][  0]MapCheck: Info Map check complete: 0 Error(s), 0 Warning(s), took 41.443ms to complete.
[2017.10.02-21.47.01:087][  0]LogFileHelpers: Loading map 'Metlands' took 1.391
[2017.10.02-21.47.01:273][  0]LogCollectionManager: Loaded 0 collections in 0.001507 seconds
[2017.10.02-21.47.01:350][  0]LogFileCache: Scanning file cache for directory 'C:/Users/kurni/Documents/Unreal Projects/Ubud Bali 2/ArchvisVid/Saved/Collections/' took 0.01s
[2017.10.02-21.47.01:350][  0]LogFileCache: Scanning file cache for directory 'C:/Users/kurni/Documents/Unreal Projects/Ubud Bali 2/ArchvisVid/Content/Developers/kurni/Collections/' took 0.01s
[2017.10.02-21.47.01:350][  0]LogFileCache: Scanning file cache for directory 'C:/Users/kurni/Documents/Unreal Projects/Ubud Bali 2/ArchvisVid/Content/Collections/' took 0.01s
[2017.10.02-21.47.01:350][  0]LogCollectionManager: Rebuilt the GUID cache for 0 collections in 0.000002 seconds
[2017.10.02-21.47.01:359][  0]LogContentBrowser: Native class hierarchy populated in 0.0079 seconds. Added 2329 classes and 491 folders.
[2017.10.02-21.47.01:416][  0]LogContentBrowser: Native class hierarchy updated for 'WidgetCarousel' in 0.0004 seconds. Added 0 classes and 0 folders.
[2017.10.02-21.47.01:774][  0]LogContentBrowser: Native class hierarchy updated for 'AddContentDialog' in 0.0005 seconds. Added 0 classes and 0 folders.
[2017.10.02-21.47.01:810][  0]LogContentBrowser: Native class hierarchy updated for 'SceneOutliner' in 0.0004 seconds. Added 1 classes and 2 folders.
[2017.10.02-21.47.01:894][  0]LogCrashTracker: Crashtracker disabled due to settings.
[2017.10.02-21.47.01:907][  0]LogSlate: Took 0.007093 seconds to synchronously load lazily loaded font '../../../Engine/Content/Slate/Fonts/Roboto-Regular.ttf' (155K)
[2017.10.02-21.47.01:913][  0]LogSlate: Took 0.004340 seconds to synchronously load lazily loaded font '../../../Engine/Content/Slate/Fonts/Roboto-Bold.ttf' (160K)
[2017.10.02-21.47.01:922][  0]LogSlate: Took 0.005002 seconds to synchronously load lazily loaded font '../../../Engine/Content/Editor/Slate/Fonts/FontAwesome.ttf' (139K)
[2017.10.02-21.47.02:001][  0]LogRenderer: Reallocating scene render targets to support 960x584 NumSamples 1 (Frame:1).
[2017.10.02-21.47.02:098][  0]LogUObjectGlobals:Warning: Failed to find object 'Class None.'
[2017.10.02-21.47.02:159][  0]LogContentBrowser: Native class hierarchy updated for 'HierarchicalLODOutliner' in 0.0005 seconds. Added 1 classes and 2 folders.
[2017.10.02-21.47.02:159][  0]LogLoad: (Engine Initialization) Total time: 23.36 seconds
[2017.10.02-21.47.02:159][  0]LogLoad: (Engine Initialization) Total Blueprint compile time: 0.12 seconds
[2017.10.02-21.47.02:159][  0]LogExternalProfiler: Found external profiler: VSPerf
[2017.10.02-21.47.02:159][  0]LogExternalProfiler: Using external profiler: VSPerf
[2017.10.02-21.47.02:172][  0]LogOcInput: OculusInput pre-init called
[2017.10.02-21.47.02:172][  0]LogHMD: Starting GearVRController plugin
[2017.10.02-21.47.02:192][  0]LogContentStreaming: Texture pool size now 3000 MB
[2017.10.02-21.47.02:237][  0]LogSlate: Took 0.005539 seconds to synchronously load lazily loaded font '../../../Engine/Content/Slate/Fonts/Roboto-Light.ttf' (159K)
[2017.10.02-21.47.02:243][  1]LogAssetRegistry: Asset discovery search completed in 12.6729 seconds
[2017.10.02-21.47.02:246][  1]LogCollectionManager: Rebuilt the object cache for 0 collections in 0.000001 seconds (found 0 objects)
[2017.10.02-21.47.02:246][  1]LogCollectionManager: Fixed up redirectors for 0 collections in 0.000031 seconds (updated 0 objects)
[2017.10.02-21.47.03:206][ 76]LogSlate: Took 0.000168 seconds to synchronously load lazily loaded font '../../../Engine/Content/Slate/Fonts/Roboto-Light.ttf' (159K)
[2017.10.02-21.47.08:376][445]LogSlate: Took 0.000108 seconds to synchronously load lazily loaded font '../../../Engine/Content/Slate/Fonts/Roboto-Light.ttf' (159K)
[2017.10.02-21.47.09:325][445]LogAIModule: Creating AISystem for world Villa1-D
[2017.10.02-21.47.09:349][445]Cmd: MAP LOAD FILE="../../../../../../Users/kurni/Documents/Unreal Projects/Ubud Bali 2/ArchvisVid/Content/Maps/Villa1-D.umap" TEMPLATE=0 SHOWPROGRESS=1 FEATURELEVEL=3
[2017.10.02-21.47.09:349][445]LightingResults: New page: Lighting Build
[2017.10.02-21.47.09:349][445]LoadErrors: New page: Loading map: Villa1-D.umap
[2017.10.02-21.47.09:352][445]MapCheck: New page: Map Check
[2017.10.02-21.47.09:352][445]LightingResults: New page: Lighting Build
[2017.10.02-21.47.09:413][445]LogEditorServer: Finished looking for orphan Actors (0.000 secs)
[2017.10.02-21.47.09:441][445]Cmd: MAP CHECKDEP NOCLEARLOG
[2017.10.02-21.47.09:493][445]MapCheck: Info Map check complete: 0 Error(s), 0 Warning(s), took 51.808ms to complete.
[2017.10.02-21.47.09:493][445]LogFileHelpers: Loading map 'Villa1-D' took 0.146
[2017.10.02-21.47.14:086][923]LogRenderer: Reallocating scene render targets to support 1288x964 NumSamples 1 (Frame:1).
[2017.10.02-21.47.21:602][753]LogAIModule: Creating AISystem for world Metlands
[2017.10.02-21.47.21:633][753]Cmd: MAP LOAD FILE="../../../../../../Users/kurni/Documents/Unreal Projects/Ubud Bali 2/ArchvisVid/Content/Maps/Metlands.umap" TEMPLATE=0 SHOWPROGRESS=1 FEATURELEVEL=3
[2017.10.02-21.47.21:633][753]LightingResults: New page: Lighting Build
[2017.10.02-21.47.21:634][753]LoadErrors: New page: Loading map: Metlands.umap
[2017.10.02-21.47.21:634][753]MapCheck: New page: Map Check
[2017.10.02-21.47.21:634][753]LightingResults: New page: Lighting Build
[2017.10.02-21.47.21:836][753]LogEditorServer: Finished looking for orphan Actors (0.000 secs)
[2017.10.02-21.47.21:871][753]Cmd: MAP CHECKDEP NOCLEARLOG
[2017.10.02-21.47.21:925][753]MapCheck: Info Map check complete: 0 Error(s), 0 Warning(s), took 54.041ms to complete.
[2017.10.02-21.47.21:926][753]LogFileHelpers: Loading map 'Metlands' took 0.293
[2017.10.02-21.47.22:831][809]LogAIModule: Creating AISystem for world Villa1-D
[2017.10.02-21.47.22:844][809]Cmd: MAP LOAD FILE="../../../../../../Users/kurni/Documents/Unreal Projects/Ubud Bali 2/ArchvisVid/Content/Maps/Villa1-D.umap" TEMPLATE=0 SHOWPROGRESS=1 FEATURELEVEL=3
[2017.10.02-21.47.22:845][809]LightingResults: New page: Lighting Build
[2017.10.02-21.47.22:845][809]LoadErrors: New page: Loading map: Villa1-D.umap
[2017.10.02-21.47.22:847][809]MapCheck: New page: Map Check
[2017.10.02-21.47.22:847][809]LightingResults: New page: Lighting Build
[2017.10.02-21.47.22:946][809]LogEditorServer: Finished looking for orphan Actors (0.000 secs)
[2017.10.02-21.47.22:976][809]Cmd: MAP CHECKDEP NOCLEARLOG
[2017.10.02-21.47.23:028][809]MapCheck: Info Map check complete: 0 Error(s), 0 Warning(s), took 51.452ms to complete.
[2017.10.02-21.47.23:028][809]LogFileHelpers: Loading map 'Villa1-D' took 0.184
[2017.10.02-21.47.27:614][321]LogEditorViewport: Clicking on Actor (LMB): BP_LightStudio_C (BP_LightStudio)
[2017.10.02-21.47.53:195][288]LogEditorViewport: Clicking on Actor (LMB): SphereReflectionCapture (SphereReflectionCapture3)
[2017.10.02-21.47.55:593][549]LogEditorViewport: Clicking on Actor (LMB): SphereReflectionCapture (SphereReflectionCapture)
[2017.10.02-21.47.58:475][825]LogWindowsTextInputMethodSystem:Display: IME system now deactivated.
[2017.10.02-21.47.58:475][825]LogWindowsTextInputMethodSystem:Display: IME system now deactivated.
[2017.10.02-21.48.00:893][105]Cmd: DELETE
[2017.10.02-21.48.00:893][105]Cmd: ACTOR DELETE
[2017.10.02-21.48.00:893][105]LogEditorActor: Deleted Actor: SphereReflectionCapture
[2017.10.02-21.48.00:901][105]LogEditorActor: Deleted 1 Actors (0.008 secs)
[2017.10.02-21.48.03:189][362]LogEditorViewport: Clicking on Actor (LMB): SphereReflectionCapture (SphereReflectionCapture3)
[2017.10.02-21.48.10:268][187]LogSlate: Took 0.005870 seconds to synchronously load lazily loaded font '../../../Engine/Content/Editor/Slate/Fonts/Roboto-Italic.ttf' (157K)
[2017.10.02-21.48.38:613][489]MapCheck: New page: Map Check
[2017.10.02-21.48.38:633][489]LightingResults: New page: Lighting Build - Oct 3, 2017, 11:48:38 AM
[2017.10.02-21.48.38:666][489]LogSwarmInterface: [OpenConnection] Registering TCP channel ...
[2017.10.02-21.48.38:730][489]LogSwarmInterface: [OpenConnection] Connecting to agent ...
[2017.10.02-21.48.38:737][489]LogSwarmInterface: [TryOpenConnection] Testing the Agent
[2017.10.02-21.48.39:762][489]LogSwarmInterface: [TryOpenConnection] Opening Connection to Agent
[2017.10.02-21.48.39:762][489]LogSwarmInterface: [TryOpenConnection] Local Process ID is 28044
[2017.10.02-21.48.48:566][489]LogStaticLightingSystem: Running Lightmass w/ ImmediateImport mode ENABLED
[2017.10.02-21.48.48:566][489]LogStaticLightingSystem: Running Lightmass w/ ImmediateProcess mode ENABLED
[2017.10.02-21.48.48:566][489]LogStaticLightingSystem: Running Lightmass w/ Sorting mode ENABLED
[2017.10.02-21.48.48:566][489]LogStaticLightingSystem: Running Lightmass w/ Mapping paddings ENABLED
[2017.10.02-21.48.48:566][489]LogStaticLightingSystem: Running Lightmass w/ Mapping debug paddings DISABLED
[2017.10.02-21.48.50:777][489]LogEditorBuildUtils: Build time 0:12
[2017.10.02-21.49.48:738][759]LogStaticLightingSystem:Warning: Failed to build lighting!!! Lighting build canceled.
[2017.10.02-21.49.49:577][759]Job has failed! Job is closed while Tasks are still PENDING
[2017.10.02-21.49.49:577][759]DumpUnbuiltLightIteractions
[2017.10.02-21.49.49:577][759]Lights with unbuilt interactions: 0
[2017.10.02-21.49.49:577][759]
[2017.10.02-21.49.49:577][759]Primitives with unbuilt interactions: 0
[2017.10.02-21.49.49:643][760]Cmd: MAP CHECK NOTIFYRESULTS
[2017.10.02-21.49.49:643][760]MapCheck: New page: Villa1-D - Oct 3, 2017, 11:49:49 AM
[2017.10.02-21.49.49:700][760]MapCheck: Info Map check complete: 0 Error(s), 0 Warning(s), took 57.566ms to complete.
[2017.10.02-21.49.50:890][895]LogEditorViewport: Clicking on Actor (LMB): BP_LightStudio_C (BP_LightStudio)
[2017.10.02-21.49.53:851][206]LogStaticMesh:Warning: Cached component instance data transform did not match!  Discarding cached lighting data which will cause lighting to be unbuilt.
/Game/Maps/Villa1-D.Villa1-D:PersistentLevel.BP_LightStudio_35.Skybox
Current: 0.000000,0.000000,0.000000|0.000000,0.000003,0.000017|50000.000000,50000.000000,50000.000000 Cached: 0.000000,0.000000,0.000000|-0.000014,10.000077,0.000033|50000.000000,50000.000000,50000.000000
[2017.10.02-21.53.35:013][870]Cmd: SELECT NONE
[2017.10.02-21.53.38:892][310]MapCheck: New page: Map Check
[2017.10.02-21.53.38:911][310]LightingResults: New page: Lighting Build - Oct 3, 2017, 11:53:38 AM
[2017.10.02-21.53.38:920][310]LogSwarmInterface: [OpenConnection] Registering TCP channel ...
[2017.10.02-21.53.38:926][310]LogSwarmInterface: [OpenConnection] Connecting to agent ...
[2017.10.02-21.53.38:926][310]LogSwarmInterface: [TryOpenConnection] Testing the Agent
[2017.10.02-21.53.38:927][310]LogSwarmInterface: [TryOpenConnection] Opening Connection to Agent
[2017.10.02-21.53.38:927][310]LogSwarmInterface: [TryOpenConnection] Local Process ID is 28044
[2017.10.02-21.53.46:939][310]LogStaticLightingSystem: Running Lightmass w/ ImmediateImport mode ENABLED
[2017.10.02-21.53.46:940][310]LogStaticLightingSystem: Running Lightmass w/ ImmediateProcess mode ENABLED
[2017.10.02-21.53.46:940][310]LogStaticLightingSystem: Running Lightmass w/ Sorting mode ENABLED
[2017.10.02-21.53.46:940][310]LogStaticLightingSystem: Running Lightmass w/ Mapping paddings ENABLED
[2017.10.02-21.53.46:940][310]LogStaticLightingSystem: Running Lightmass w/ Mapping debug paddings DISABLED
[2017.10.02-21.53.47:096][310]LogEditorBuildUtils: Build time 0:08
[2017.10.02-21.55.47:968][114]LightingResults:Warning: Warning kitchenset Object has overlapping UVs.
[2017.10.02-21.55.47:968][114]LightingResults: Info kitchenset Lightmap UV are overlapping by 1.3%. Please adjust content - Enable Error Coloring to visualize.
[2017.10.02-21.56.32:672][560]LightingResults:Warning: Warning door1 Object has overlapping UVs.
[2017.10.02-21.56.32:733][566]LightingResults: Info door1 Lightmap UV are overlapping by 4.8%. Please adjust content - Enable Error Coloring to visualize.
[2017.10.02-21.56.40:707][361]LightingResults:Warning: Warning stove Object has overlapping UVs.
[2017.10.02-21.56.40:707][361]LightingResults: Info stove Lightmap UV are overlapping by 11.4%. Please adjust content - Enable Error Coloring to visualize.
[2017.10.02-21.56.41:520][442]LightingResults:Warning: Warning sink Object has overlapping UVs.
[2017.10.02-21.56.41:520][442]LightingResults: Info sink Lightmap UV are overlapping by 5.8%. Please adjust content - Enable Error Coloring to visualize.
[2017.10.02-21.56.42:424][532]LightingResults:Warning: Warning Skybox Object has overlapping UVs.
[2017.10.02-21.56.42:434][533]LightingResults: Info Skybox Lightmap UV are overlapping by 50.0%. Please adjust content - Enable Error Coloring to visualize.
[2017.10.02-21.57.23:699][598]LogSavePackage: Save=373.26ms
[2017.10.02-21.57.23:699][598]LogSavePackage: Moving '../../../../../../Users/kurni/Documents/Unreal Projects/Ubud Bali 2/ArchvisVid/Saved/Villa1-D_Auto183E44D9741423A670D17A7BFF164CFB1.tmp' to '../../../../../../Users/kurni/Documents/Unreal Projects/Ubud Bali 2/ArchvisVid/Saved/Autosaves/Game/Maps/Villa1-D_Auto1.umap'
[2017.10.02-21.57.23:699][598]LogSavePackage:Display: Finished SavePackage ../../../../../../Users/kurni/Documents/Unreal Projects/Ubud Bali 2/ArchvisVid/Saved/Autosaves/Game/Maps/Villa1-D_Auto1.umap
[2017.10.02-21.57.23:701][598]LogFileHelpers: Editor autosave (incl. sublevels) for '/Game/Maps/Villa1-D' took 0.395
[2017.10.02-21.57.23:701][598]LogFileHelpers: Editor autosave (incl. sublevels) for all levels took 0.395
[2017.10.02-21.57.39:508][160]Job is a success!
[2017.10.02-21.57.40:558][161]LogTexture:Display: Building textures: SkyOcclusion0_1 (BGRA8, 2048X1024)
[2017.10.02-21.57.40:558][161]LogTexture:Display: Building textures: HQ_Lightmap0_1 (BGRA8, 2048X2048)
[2017.10.02-21.57.40:558][161]LogTexture:Display: Building textures: LQ_Lightmap_0_1 (BGRA8, 2048X2048)
[2017.10.02-21.57.40:558][161]LogTexture:Display: Building textures: SkyOcclusion0_2 (BGRA8, 1024X512)
[2017.10.02-21.57.40:558][161]LogTexture:Display: Building textures: HQ_Lightmap0_2 (BGRA8, 1024X1024)
[2017.10.02-21.57.40:558][161]LogTexture:Display: Building textures: LQ_Lightmap_0_2 (BGRA8, 1024X1024)
[2017.10.02-21.57.40:558][161]LogTexture:Display: Building textures: SkyOcclusion1_3 (BGRA8, 1024X512)
[2017.10.02-21.57.40:558][161]LogTexture:Display: Building textures: HQ_Lightmap1_3 (BGRA8, 1024X1024)
[2017.10.02-21.57.40:558][161]LogTexture:Display: Building textures: LQ_Lightmap_1_3 (BGRA8, 1024X1024)
[2017.10.02-21.57.40:558][161]LogTexture:Display: Building textures: SkyOcclusion1_4 (BGRA8, 1024X512)
[2017.10.02-21.57.40:558][161]LogTexture:Display: Building textures: HQ_Lightmap1_4 (BGRA8, 1024X1024)
[2017.10.02-21.57.40:558][161]LogTexture:Display: Building textures: LQ_Lightmap_1_4 (BGRA8, 1024X1024)
[2017.10.02-21.57.40:558][161]LogTexture:Display: Building textures: SkyOcclusion1_5 (BGRA8, 64X32)
[2017.10.02-21.57.40:558][161]LogTexture:Display: Building textures: HQ_Lightmap1_5 (BGRA8, 64X64)
[2017.10.02-21.57.40:558][161]LogTexture:Display: Building textures: LQ_Lightmap_1_5 (BGRA8, 64X64)
[2017.10.02-21.57.40:594][161]LogStaticLightingSystem: Illumination: 4:01 min (760 ms encoding lightmaps, 0 ms encoding shadowmaps)
[2017.10.02-21.57.40:594][161]LogStaticLightingSystem: Lightmap texture memory:  93.4 MB (93.4 MB streaming, 0.0 MB non-streaming), 10 textures
[2017.10.02-21.57.40:594][161]LogStaticLightingSystem: Shadowmap texture memory: 0.0 MB (0.0 MB streaming, 0.0 MB non-streaming), 0 textures
[2017.10.02-21.57.40:982][161]Lightmass on FAJAR-PC: 3:52 min total, 735 ms importing, 205 ms setup, 12.5 sec photons, 3:39 min processing, 0 ms extra exporting [32/32 mappings]. Threads: 32:51 min total, 24:37 min processing.
[2017.10.02-21.57.40:982][161]DumpUnbuiltLightIteractions
[2017.10.02-21.57.40:982][161]Lights with unbuilt interactions: 0
[2017.10.02-21.57.40:982][161]
[2017.10.02-21.57.40:982][161]Primitives with unbuilt interactions: 0
[2017.10.02-21.57.40:997][162]Cmd: MAP CHECK NOTIFYRESULTS
[2017.10.02-21.57.40:997][162]MapCheck: New page: Villa1-D - Oct 3, 2017, 11:57:40 AM
[2017.10.02-21.57.41:066][162]MapCheck: Info Map check complete: 0 Error(s), 0 Warning(s), took 69.095ms to complete.
[2017.10.02-21.58.16:972][411]LogEditorViewport: Clicking on Actor (LMB): StaticMeshActor (kitchenTableTop)
[2017.10.02-21.58.30:713][779]LogMaterial: Missing cached shader map for material FDebugViewModeMaterialProxy MarbleCream2, compiling. 
[2017.10.02-21.58.31:134][779]TextureStreamingBuild:Display: Compiling optional shaders took 0.426 seconds.
[2017.10.02-21.58.31:162][779]LogSavePackage: Save=14.28ms
[2017.10.02-21.58.31:162][779]LogSavePackage: Moving '../../../../../../Users/kurni/Documents/Unreal Projects/Ubud Bali 2/ArchvisVid/Saved/MarbleCream20E16814840F59C4BF22E148B8E96A6C6.tmp' to '../../../../../../Users/kurni/Documents/Unreal Projects/Ubud Bali 2/ArchvisVid/Content/Architectures/Villa1-D/Materials/MarbleCream2.uasset'
[2017.10.02-21.58.31:165][779]LogSavePackage:Display: Finished SavePackage ../../../../../../Users/kurni/Documents/Unreal Projects/Ubud Bali 2/ArchvisVid/Content/Architectures/Villa1-D/Materials/MarbleCream2.uasset
[2017.10.02-21.58.47:879][669]LogEditorViewport: Clicking on Actor (LMB): StaticMeshActor (BOSCH_HBG_636_LB)
[2017.10.02-22.00.22:902][535]LogMaterial: Missing cached shader map for material M_Metal_Brushed_Nickel, compiling. 
[2017.10.02-22.00.23:015][535]LogMaterial: Missing cached shader map for material M_Metal_Brushed_Nickel, compiling. 
[2017.10.02-22.00.23:031][535]LogMaterial: Missing cached shader map for material M_Metal_Brushed_Nickel, compiling. 
[2017.10.02-22.00.23:069][535]LogMaterial: Missing cached shader map for material FMatExpressionPreview MaterialExpressionTextureSample_49, compiling. 
[2017.10.02-22.00.23:073][535]LogMaterial: Missing cached shader map for material FMatExpressionPreview MaterialExpressionTextureSample_50, compiling. 
[2017.10.02-22.00.23:076][535]LogMaterial: Missing cached shader map for material FMatExpressionPreview MaterialExpressionTextureSample_51, compiling. 
[2017.10.02-22.00.23:090][535]LogSlate: Took 0.004576 seconds to synchronously load lazily loaded font '../../../Engine/Content/Editor/Slate/Fonts/Roboto-BoldCondensed.ttf' (158K)
[2017.10.02-22.00.25:877][753]MaterialEditorStats: Info Base pass shader: 95 instructions
[2017.10.02-22.00.25:877][753]MaterialEditorStats: Info Vertex shader: 31 instructions
[2017.10.02-22.00.25:877][753]MaterialEditorStats: Info Texture samplers: 4/16
[2017.10.02-22.00.25:877][753]MaterialEditorStats: Info User interpolators: 2/4 Scalars (1/4 Vectors) (TexCoords: 2, Custom: 0)
[2017.10.02-22.00.30:048][133]LogMaterial: Missing cached shader map for material FDebugViewModeMaterialProxy MetalSteel2, compiling. 
[2017.10.02-22.00.30:211][133]TextureStreamingBuild:Display: Compiling optional shaders took 0.165 seconds.
[2017.10.02-22.00.42:509][ 33]Cmd: TRANSACTION UNDO
[2017.10.02-22.00.42:509][ 33]LogEditorTransaction: Undo Create Actors
[2017.10.02-22.01.17:425][376]LogMaterial: Missing cached shader map for material FDebugViewModeMaterialProxy MetalSteel3, compiling. 
[2017.10.02-22.01.17:789][376]TextureStreamingBuild:Display: Compiling optional shaders took 0.367 seconds.
[2017.10.02-22.01.17:809][376]LogSavePackage: Save=12.33ms
[2017.10.02-22.01.17:809][376]LogSavePackage: Moving '../../../../../../Users/kurni/Documents/Unreal Projects/Ubud Bali 2/ArchvisVid/Saved/MetalSteel383A89E5F4A0C9882DA8C63BDCF435E67.tmp' to '../../../../../../Users/kurni/Documents/Unreal Projects/Ubud Bali 2/ArchvisVid/Content/Architectures/Villa1-D/Materials/MetalSteel3.uasset'
[2017.10.02-22.01.17:811][376]LogSavePackage:Display: Finished SavePackage ../../../../../../Users/kurni/Documents/Unreal Projects/Ubud Bali 2/ArchvisVid/Content/Architectures/Villa1-D/Materials/MetalSteel3.uasset
[2017.10.02-22.01.26:849][314]LogEditorViewport: Clicking on Actor (LMB): StaticMeshActor (stove)
[2017.10.02-22.01.34:421][ 96]LogEditorViewport: Clicking on Actor (LMB): StaticMeshActor (kitchenset)
[2017.10.02-22.01.36:620][207]LogRenderer: Reallocating scene render targets to support 1432x964 NumSamples 1 (Frame:1).
[2017.10.02-22.02.08:834][621]LogEditorViewport: Clicking on Actor (LMB): BP_LightStudio_C (BP_LightStudio)
[2017.10.02-22.07.26:470][233]LogSavePackage: Save=410.79ms
[2017.10.02-22.07.26:470][233]LogSavePackage: Moving '../../../../../../Users/kurni/Documents/Unreal Projects/Ubud Bali 2/ArchvisVid/Saved/Villa1-D_Auto2838D7DD34D569E4610CFB7B31AC3260E.tmp' to '../../../../../../Users/kurni/Documents/Unreal Projects/Ubud Bali 2/ArchvisVid/Saved/Autosaves/Game/Maps/Villa1-D_Auto2.umap'
[2017.10.02-22.07.26:473][233]LogSavePackage:Display: Finished SavePackage ../../../../../../Users/kurni/Documents/Unreal Projects/Ubud Bali 2/ArchvisVid/Saved/Autosaves/Game/Maps/Villa1-D_Auto2.umap
[2017.10.02-22.07.26:475][233]LogFileHelpers: Editor autosave (incl. sublevels) for '/Game/Maps/Villa1-D' took 0.438
[2017.10.02-22.07.26:475][233]LogFileHelpers: Editor autosave (incl. sublevels) for all levels took 0.438
[2017.10.02-22.07.26:477][233]OBJ SavePackage: Generating thumbnails for [0] asset(s) in package [/Game/Maps/Villa1-D_BuiltData] ([1] browsable assets)...
[2017.10.02-22.07.26:477][233]OBJ SavePackage: Finished generating thumbnails for package [/Game/Maps/Villa1-D_BuiltData]
[2017.10.02-22.07.26:595][233]LogSavePackage: Save=96.46ms
[2017.10.02-22.07.26:595][233]LogSavePackage: Moving '../../../../../../Users/kurni/Documents/Unreal Projects/Ubud Bali 2/ArchvisVid/Saved/Villa1-D_BuiltData_Auto23569266B4B7E04E889D26292F84745DB.tmp' to '../../../../../../Users/kurni/Documents/Unreal Projects/Ubud Bali 2/ArchvisVid/Saved/Autosaves/Game/Maps/Villa1-D_BuiltData_Auto2.uasset'
[2017.10.02-22.07.26:597][233]LogSavePackage:Display: Finished SavePackage ../../../../../../Users/kurni/Documents/Unreal Projects/Ubud Bali 2/ArchvisVid/Saved/Autosaves/Game/Maps/Villa1-D_BuiltData_Auto2.uasset
[2017.10.02-22.07.26:598][233]OBJ SavePackage: Generating thumbnails for [1] asset(s) in package [/Game/Architectures/Villa1-D/Materials/MetalSteel2] ([1] browsable assets)...
[2017.10.02-22.07.26:618][233]OBJ SavePackage:     Rendered thumbnail for [MaterialInstanceConstant /Game/Architectures/Villa1-D/Materials/MetalSteel2.MetalSteel2]
[2017.10.02-22.07.26:618][233]OBJ SavePackage: Finished generating thumbnails for package [/Game/Architectures/Villa1-D/Materials/MetalSteel2]
[2017.10.02-22.07.26:636][233]LogSavePackage: Save=14.58ms
[2017.10.02-22.07.26:636][233]LogSavePackage: Moving '../../../../../../Users/kurni/Documents/Unreal Projects/Ubud Bali 2/ArchvisVid/Saved/MetalSteel2_Auto270ADA9F44D59F3C4D570E994F907C276.tmp' to '../../../../../../Users/kurni/Documents/Unreal Projects/Ubud Bali 2/ArchvisVid/Saved/Autosaves/Game/Architectures/Villa1-D/Materials/MetalSteel2_Auto2.uasset'
[2017.10.02-22.07.26:637][233]LogSavePackage:Display: Finished SavePackage ../../../../../../Users/kurni/Documents/Unreal Projects/Ubud Bali 2/ArchvisVid/Saved/Autosaves/Game/Architectures/Villa1-D/Materials/MetalSteel2_Auto2.uasset
[2017.10.02-22.07.26:637][233]LogFileHelpers: Auto-saving content packages took 0.161
[2017.10.02-22.07.52:235][241]LogEditorViewport: Clicking on Actor (LMB): StaticMeshActor (kitchenset)
[2017.10.02-22.08.01:521][757]LogStaticMesh: Building static mesh kitchenset...
[2017.10.02-22.08.01:535][757]LogStaticMesh: Built static mesh [0.01s] /Game/Architectures/Villa1-D/Mesh/kitchenset.kitchenset
[2017.10.02-22.09.43:289][300]LogStaticMesh: Building static mesh kitchenset...
[2017.10.02-22.09.43:305][300]LogStaticMesh: Built static mesh [0.02s] /Game/Architectures/Villa1-D/Mesh/kitchenset.kitchenset
[2017.10.02-22.09.50:908][943]LogStaticMesh: Building static mesh kitchenset...
[2017.10.02-22.09.50:922][943]LogStaticMesh: Built static mesh [0.01s] /Game/Architectures/Villa1-D/Mesh/kitchenset.kitchenset
[2017.10.02-22.10.09:509][573]LogEditorFactories: Performing atomic reimport of [F:/NextLevel/Villa/1-D/kitchenset.fbx]
[2017.10.02-22.10.09:537][573]LogFbx: Loading FBX Scene from F:/NextLevel/Villa/1-D/kitchenset.fbx
[2017.10.02-22.10.09:547][573]LogFbx: FBX Scene Loaded Succesfully
[2017.10.02-22.10.09:567][573]LogStaticMesh: Building static mesh kitchenset...
[2017.10.02-22.10.09:581][573]LogStaticMesh: Built static mesh [0.01s] /Game/Architectures/Villa1-D/Mesh/kitchenset.kitchenset
[2017.10.02-22.10.09:585][573]LogEditorFactories: -- imported successfully
[2017.10.02-22.10.09:586][573]FBXImport:Warning: Warning No smoothing group information was found in this FBX scene.  Please make sure to enable the 'Export Smoothing Groups' option in the FBX Exporter plug-in before exporting the file.  Even for tools that don't support smoothing groups, the FBX Exporter will generate appropriate smoothing data at export-time so that correct vertex normals can be inferred while importing. 
[2017.10.02-22.10.28:211][413]LogEditorViewport: Clicking on Actor (LMB): StaticMeshActor (kitchenset)
[2017.10.02-22.11.16:159][950]LogEditorViewport: Clicking on Actor (LMB): StaticMeshActor (kitchenset)
[2017.10.02-22.11.31:781][642]MapCheck: New page: Map Check
[2017.10.02-22.11.31:812][642]LightingResults: New page: Lighting Build - Oct 3, 2017, 12:11:31 PM
[2017.10.02-22.11.31:820][642]LogSwarmInterface: [OpenConnection] Registering TCP channel ...
[2017.10.02-22.11.31:823][642]LogSwarmInterface: [OpenConnection] Connecting to agent ...
[2017.10.02-22.11.31:823][642]LogSwarmInterface: [TryOpenConnection] Testing the Agent
[2017.10.02-22.11.31:824][642]LogSwarmInterface: [TryOpenConnection] Opening Connection to Agent
[2017.10.02-22.11.31:824][642]LogSwarmInterface: [TryOpenConnection] Local Process ID is 28044
[2017.10.02-22.11.39:836][642]LogStaticLightingSystem: Running Lightmass w/ ImmediateImport mode ENABLED
[2017.10.02-22.11.39:836][642]LogStaticLightingSystem: Running Lightmass w/ ImmediateProcess mode ENABLED
[2017.10.02-22.11.39:836][642]LogStaticLightingSystem: Running Lightmass w/ Sorting mode ENABLED
[2017.10.02-22.11.39:836][642]LogStaticLightingSystem: Running Lightmass w/ Mapping paddings ENABLED
[2017.10.02-22.11.39:836][642]LogStaticLightingSystem: Running Lightmass w/ Mapping debug paddings DISABLED
[2017.10.02-22.11.39:975][642]LogEditorBuildUtils: Build time 0:08
[2017.10.02-22.15.18:453][387]LightingResults:Warning: Warning door1 Object has overlapping UVs.
[2017.10.02-22.15.18:453][387]LightingResults: Info door1 Lightmap UV are overlapping by 4.8%. Please adjust content - Enable Error Coloring to visualize.
[2017.10.02-22.15.24:466][405]LightingResults:Warning: Warning sink Object has overlapping UVs.
[2017.10.02-22.15.24:466][405]LightingResults: Info sink Lightmap UV are overlapping by 5.8%. Please adjust content - Enable Error Coloring to visualize.
[2017.10.02-22.15.25:462][408]LightingResults:Warning: Warning stove Object has overlapping UVs.
[2017.10.02-22.15.25:462][408]LightingResults: Info stove Lightmap UV are overlapping by 11.4%. Please adjust content - Enable Error Coloring to visualize.
[2017.10.02-22.15.26:130][410]LightingResults:Warning: Warning kitchenset Object has wrapping UVs.
[2017.10.02-22.15.26:130][410]LightingResults:Warning: Warning kitchenset Object has overlapping UVs.
[2017.10.02-22.15.26:130][410]LightingResults: Info kitchenset Lightmap UV are overlapping by 12.4%. Please adjust content - Enable Error Coloring to visualize.
[2017.10.02-22.15.26:797][412]LightingResults:Warning: Warning Skybox Object has overlapping UVs.
[2017.10.02-22.15.26:797][412]LightingResults: Info Skybox Lightmap UV are overlapping by 50.0%. Please adjust content - Enable Error Coloring to visualize.
[2017.10.02-22.16.50:662][640]Job is a success!
[2017.10.02-22.16.51:710][642]LogTexture:Display: Building textures: SkyOcclusion1_1 (BGRA8, 2048X1024)
[2017.10.02-22.16.51:710][642]LogTexture:Display: Building textures: HQ_Lightmap1_1 (BGRA8, 2048X2048)
[2017.10.02-22.16.51:710][642]LogTexture:Display: Building textures: LQ_Lightmap_1_1 (BGRA8, 2048X2048)
[2017.10.02-22.16.51:710][642]LogTexture:Display: Building textures: SkyOcclusion1_2 (BGRA8, 1024X512)
[2017.10.02-22.16.51:710][642]LogTexture:Display: Building textures: HQ_Lightmap1_2 (BGRA8, 1024X1024)
[2017.10.02-22.16.51:710][642]LogTexture:Display: Building textures: LQ_Lightmap_1_2 (BGRA8, 1024X1024)
[2017.10.02-22.16.51:710][642]LogTexture:Display: Building textures: SkyOcclusion0_3 (BGRA8, 1024X512)
[2017.10.02-22.16.51:710][642]LogTexture:Display: Building textures: HQ_Lightmap0_3 (BGRA8, 1024X1024)
[2017.10.02-22.16.51:710][642]LogTexture:Display: Building textures: LQ_Lightmap_0_3 (BGRA8, 1024X1024)
[2017.10.02-22.16.51:710][642]LogTexture:Display: Building textures: SkyOcclusion0_4 (BGRA8, 1024X512)
[2017.10.02-22.16.51:710][642]LogTexture:Display: Building textures: HQ_Lightmap0_4 (BGRA8, 1024X1024)
[2017.10.02-22.16.51:710][642]LogTexture:Display: Building textures: LQ_Lightmap_0_4 (BGRA8, 1024X1024)
[2017.10.02-22.16.51:710][642]LogTexture:Display: Building textures: SkyOcclusion0_5 (BGRA8, 64X32)
[2017.10.02-22.16.51:710][642]LogTexture:Display: Building textures: HQ_Lightmap0_5 (BGRA8, 64X64)
[2017.10.02-22.16.51:710][642]LogTexture:Display: Building textures: LQ_Lightmap_0_5 (BGRA8, 64X64)
[2017.10.02-22.16.51:760][642]LogStaticLightingSystem: Illumination: 5:19 min (773 ms encoding lightmaps, 0 ms encoding shadowmaps)
[2017.10.02-22.16.51:760][642]LogStaticLightingSystem: Lightmap texture memory:  93.4 MB (93.4 MB streaming, 0.0 MB non-streaming), 10 textures
[2017.10.02-22.16.51:760][642]LogStaticLightingSystem: Shadowmap texture memory: 0.0 MB (0.0 MB streaming, 0.0 MB non-streaming), 0 textures
[2017.10.02-22.16.51:892][642]DumpUnbuiltLightIteractions
[2017.10.02-22.16.51:892][642]Lights with unbuilt interactions: 0
[2017.10.02-22.16.51:892][642]
[2017.10.02-22.16.51:892][642]Primitives with unbuilt interactions: 0
[2017.10.02-22.16.51:922][643]Cmd: MAP CHECK NOTIFYRESULTS
[2017.10.02-22.16.51:922][643]MapCheck: New page: Villa1-D - Oct 3, 2017, 12:16:51 PM
[2017.10.02-22.16.51:981][643]MapCheck: Info Map check complete: 0 Error(s), 0 Warning(s), took 58.92ms to complete.
[2017.10.02-22.17.02:397][810]LogEditorViewport: Clicking on Actor (LMB): StaticMeshActor (kitchenset)
[2017.10.02-22.17.15:861][860]LogSavePackage: Save=14.48ms
[2017.10.02-22.17.15:861][860]LogSavePackage: Moving '../../../../../../Users/kurni/Documents/Unreal Projects/Ubud Bali 2/ArchvisVid/Saved/kitchenset5E5893AE4DCC97BB775F1EB3D806133A.tmp' to '../../../../../../Users/kurni/Documents/Unreal Projects/Ubud Bali 2/ArchvisVid/Content/Architectures/Villa1-D/Mesh/kitchenset.uasset'
[2017.10.02-22.17.15:865][860]LogSavePackage:Display: Finished SavePackage ../../../../../../Users/kurni/Documents/Unreal Projects/Ubud Bali 2/ArchvisVid/Content/Architectures/Villa1-D/Mesh/kitchenset.uasset
[2017.10.02-22.17.23:542][513]LogSavePackage: Save=14.95ms
[2017.10.02-22.17.23:542][513]LogSavePackage: Moving '../../../../../../Users/kurni/Documents/Unreal Projects/Ubud Bali 2/ArchvisVid/Saved/MetalSteel2B60AB2A545224C8BF05E3796A7C3B9FD.tmp' to '../../../../../../Users/kurni/Documents/Unreal Projects/Ubud Bali 2/ArchvisVid/Content/Architectures/Villa1-D/Materials/MetalSteel2.uasset'
[2017.10.02-22.17.23:547][513]LogSavePackage:Display: Finished SavePackage ../../../../../../Users/kurni/Documents/Unreal Projects/Ubud Bali 2/ArchvisVid/Content/Architectures/Villa1-D/Materials/MetalSteel2.uasset
[2017.10.02-22.17.24:047][513]LogSavePackage: Save=419.62ms
[2017.10.02-22.17.24:047][513]LogSavePackage: Moving '../../../../../../Users/kurni/Documents/Unreal Projects/Ubud Bali 2/ArchvisVid/Saved/Villa1-DC645B7F543FB53CBE60FC6ADB512BB50.tmp' to '../../../../../../Users/kurni/Documents/Unreal Projects/Ubud Bali 2/ArchvisVid/Content/Maps/Villa1-D.umap'
[2017.10.02-22.17.24:052][513]LogSavePackage:Display: Finished SavePackage ../../../../../../Users/kurni/Documents/Unreal Projects/Ubud Bali 2/ArchvisVid/Content/Maps/Villa1-D.umap
[2017.10.02-22.17.24:082][513]LogFileHelpers: Saving map 'Villa1-D' took 0.532
[2017.10.02-22.17.24:084][513]Cmd: OBJ SAVEPACKAGE PACKAGE="/Game/Maps/Villa1-D_BuiltData" FILE="../../../../../../Users/kurni/Documents/Unreal Projects/Ubud Bali 2/ArchvisVid/Content/Maps/Villa1-D_BuiltData.uasset" SILENT=true
[2017.10.02-22.17.25:157][513]LogSlate: Took 0.000108 seconds to synchronously load lazily loaded font '../../../Engine/Content/Slate/Fonts/Roboto-Regular.ttf' (155K)
[2017.10.02-22.17.25:287][513]LogSavePackage: Save=1181.45ms
[2017.10.02-22.17.25:287][513]LogSavePackage: Moving '../../../../../../Users/kurni/Documents/Unreal Projects/Ubud Bali 2/ArchvisVid/Saved/Villa1-D_BuiltData7662B18F4C6F53E248DFA2AD13131990.tmp' to '../../../../../../Users/kurni/Documents/Unreal Projects/Ubud Bali 2/ArchvisVid/Content/Maps/Villa1-D_BuiltData.uasset'
[2017.10.02-22.17.25:326][513]LogSavePackage:Display: Finished SavePackage ../../../../../../Users/kurni/Documents/Unreal Projects/Ubud Bali 2/ArchvisVid/Content/Maps/Villa1-D_BuiltData.uasset
[2017.10.02-22.17.40:883][966]MapCheck: New page: Map Check
[2017.10.02-22.17.40:905][966]LightingResults: New page: Lighting Build - Oct 3, 2017, 12:17:40 PM
[2017.10.02-22.17.40:916][966]LogSwarmInterface: [OpenConnection] Registering TCP channel ...
[2017.10.02-22.17.40:921][966]LogSwarmInterface: [OpenConnection] Connecting to agent ...
[2017.10.02-22.17.40:921][966]LogSwarmInterface: [TryOpenConnection] Testing the Agent
[2017.10.02-22.17.40:922][966]LogSwarmInterface: [TryOpenConnection] Opening Connection to Agent
[2017.10.02-22.17.40:922][966]LogSwarmInterface: [TryOpenConnection] Local Process ID is 28044
[2017.10.02-22.17.48:932][966]LogStaticLightingSystem: Running Lightmass w/ ImmediateImport mode ENABLED
[2017.10.02-22.17.48:932][966]LogStaticLightingSystem: Running Lightmass w/ ImmediateProcess mode ENABLED
[2017.10.02-22.17.48:932][966]LogStaticLightingSystem: Running Lightmass w/ Sorting mode ENABLED
[2017.10.02-22.17.48:932][966]LogStaticLightingSystem: Running Lightmass w/ Mapping paddings ENABLED
[2017.10.02-22.17.48:932][966]LogStaticLightingSystem: Running Lightmass w/ Mapping debug paddings DISABLED
[2017.10.02-22.17.49:071][966]LogEditorBuildUtils: Build time 0:08
[2017.10.02-22.27.23:021][686]LogSavePackage: Save=389.21ms
[2017.10.02-22.27.23:021][686]LogSavePackage: Moving '../../../../../../Users/kurni/Documents/Unreal Projects/Ubud Bali 2/ArchvisVid/Saved/Villa1-D_Auto3FB888BA7447E46FCE2FE1CA398D6A05D.tmp' to '../../../../../../Users/kurni/Documents/Unreal Projects/Ubud Bali 2/ArchvisVid/Saved/Autosaves/Game/Maps/Villa1-D_Auto3.umap'
[2017.10.02-22.27.23:023][686]LogSavePackage:Display: Finished SavePackage ../../../../../../Users/kurni/Documents/Unreal Projects/Ubud Bali 2/ArchvisVid/Saved/Autosaves/Game/Maps/Villa1-D_Auto3.umap
[2017.10.02-22.27.23:031][686]LogFileHelpers: Editor autosave (incl. sublevels) for '/Game/Maps/Villa1-D' took 0.426
[2017.10.02-22.27.23:031][686]LogFileHelpers: Editor autosave (incl. sublevels) for all levels took 0.426
[2017.10.03-00.15.55:894][198]LightingResults:Warning: Warning door1 Object has overlapping UVs.
[2017.10.03-00.15.55:894][198]LightingResults: Info door1 Lightmap UV are overlapping by 4.8%. Please adjust content - Enable Error Coloring to visualize.
[2017.10.03-00.17.02:932][399]LightingResults:Warning: Warning stove Object has overlapping UVs.
[2017.10.03-00.17.03:264][400]LightingResults: Info stove Lightmap UV are overlapping by 11.4%. Please adjust content - Enable Error Coloring to visualize.
[2017.10.03-00.18.53:690][731]LightingResults:Warning: Warning sink Object has overlapping UVs.
[2017.10.03-00.18.53:690][731]LightingResults: Info sink Lightmap UV are overlapping by 5.8%. Please adjust content - Enable Error Coloring to visualize.
[2017.10.03-00.20.34:077][ 32]LightingResults:Warning: Warning Skybox Object has overlapping UVs.
[2017.10.03-00.20.34:077][ 32]LightingResults: Info Skybox Lightmap UV are overlapping by 50.0%. Please adjust content - Enable Error Coloring to visualize.
[2017.10.03-00.58.32:651][864]Job is a success!
[2017.10.03-00.58.34:085][865]LogTexture:Display: Building textures: SkyOcclusion0_1 (BGRA8, 2048X1024)
[2017.10.03-00.58.34:085][865]LogTexture:Display: Building textures: HQ_Lightmap0_1 (BGRA8, 2048X2048)
[2017.10.03-00.58.34:085][865]LogTexture:Display: Building textures: LQ_Lightmap_0_1 (BGRA8, 2048X2048)
[2017.10.03-00.58.34:085][865]LogTexture:Display: Building textures: SkyOcclusion0_2 (BGRA8, 1024X512)
[2017.10.03-00.58.34:085][865]LogTexture:Display: Building textures: HQ_Lightmap0_2 (BGRA8, 1024X1024)
[2017.10.03-00.58.34:085][865]LogTexture:Display: Building textures: LQ_Lightmap_0_2 (BGRA8, 1024X1024)
[2017.10.03-00.58.34:085][865]LogTexture:Display: Building textures: SkyOcclusion1_3 (BGRA8, 1024X512)
[2017.10.03-00.58.34:085][865]LogTexture:Display: Building textures: HQ_Lightmap1_3 (BGRA8, 1024X1024)
[2017.10.03-00.58.34:085][865]LogTexture:Display: Building textures: LQ_Lightmap_1_3 (BGRA8, 1024X1024)
[2017.10.03-00.58.34:085][865]LogTexture:Display: Building textures: SkyOcclusion1_4 (BGRA8, 1024X512)
[2017.10.03-00.58.34:085][865]LogTexture:Display: Building textures: HQ_Lightmap1_4 (BGRA8, 1024X1024)
[2017.10.03-00.58.34:085][865]LogTexture:Display: Building textures: LQ_Lightmap_1_4 (BGRA8, 1024X1024)
[2017.10.03-00.58.34:085][865]LogTexture:Display: Building textures: SkyOcclusion1_5 (BGRA8, 64X32)
[2017.10.03-00.58.34:085][865]LogTexture:Display: Building textures: HQ_Lightmap1_5 (BGRA8, 64X64)
[2017.10.03-00.58.34:085][865]LogTexture:Display: Building textures: LQ_Lightmap_1_5 (BGRA8, 64X64)
[2017.10.03-00.58.34:134][865]Lightmass on FAJAR-PC: 2:40:44 hours total, 816 ms importing, 209 ms setup, 1:41 min photons, 2:39:01 hours processing, 0 ms extra exporting [32/32 mappings]. Threads: 23:51:13 hours total, 17:56:01 hours processing.
[2017.10.03-00.58.34:137][865]LogStaticLightingSystem: Illumination: 2:40:53 hours (804 ms encoding lightmaps, 0 ms encoding shadowmaps)
[2017.10.03-00.58.34:137][865]LogStaticLightingSystem: Lightmap texture memory:  93.4 MB (93.4 MB streaming, 0.0 MB non-streaming), 10 textures
[2017.10.03-00.58.34:137][865]LogStaticLightingSystem: Shadowmap texture memory: 0.0 MB (0.0 MB streaming, 0.0 MB non-streaming), 0 textures
[2017.10.03-00.58.34:578][865]DumpUnbuiltLightIteractions
[2017.10.03-00.58.34:578][865]Lights with unbuilt interactions: 0
[2017.10.03-00.58.34:578][865]
[2017.10.03-00.58.34:578][865]Primitives with unbuilt interactions: 0
[2017.10.03-00.58.34:595][866]Cmd: MAP CHECK NOTIFYRESULTS
[2017.10.03-00.58.34:596][866]MapCheck: New page: Villa1-D - Oct 3, 2017, 2:58:34 PM
[2017.10.03-00.58.34:709][866]MapCheck: Info Map check complete: 0 Error(s), 0 Warning(s), took 114.304ms to complete.
[2017.10.03-00.58.44:880][895]LogSavePackage: Save=426.05ms
[2017.10.03-00.58.44:880][895]LogSavePackage: Moving '../../../../../../Users/kurni/Documents/Unreal Projects/Ubud Bali 2/ArchvisVid/Saved/Villa1-D_Auto45F86992C4364E9E252A4D89BA769987E.tmp' to '../../../../../../Users/kurni/Documents/Unreal Projects/Ubud Bali 2/ArchvisVid/Saved/Autosaves/Game/Maps/Villa1-D_Auto4.umap'
[2017.10.03-00.58.44:882][895]LogSavePackage:Display: Finished SavePackage ../../../../../../Users/kurni/Documents/Unreal Projects/Ubud Bali 2/ArchvisVid/Saved/Autosaves/Game/Maps/Villa1-D_Auto4.umap
[2017.10.03-00.58.44:884][895]LogFileHelpers: Editor autosave (incl. sublevels) for '/Game/Maps/Villa1-D' took 0.477
[2017.10.03-00.58.44:884][895]LogFileHelpers: Editor autosave (incl. sublevels) for all levels took 0.477
[2017.10.03-00.58.44:886][895]OBJ SavePackage: Generating thumbnails for [0] asset(s) in package [/Game/Maps/Villa1-D_BuiltData] ([1] browsable assets)...
[2017.10.03-00.58.44:886][895]OBJ SavePackage: Finished generating thumbnails for package [/Game/Maps/Villa1-D_BuiltData]
[2017.10.03-00.58.44:952][895]LogSavePackage: Save=42.09ms
[2017.10.03-00.58.44:952][895]LogSavePackage: Moving '../../../../../../Users/kurni/Documents/Unreal Projects/Ubud Bali 2/ArchvisVid/Saved/Villa1-D_BuiltData_Auto4D42803CB4FDD4A4B5530F3A45CE4236A.tmp' to '../../../../../../Users/kurni/Documents/Unreal Projects/Ubud Bali 2/ArchvisVid/Saved/Autosaves/Game/Maps/Villa1-D_BuiltData_Auto4.uasset'
[2017.10.03-00.58.44:953][895]LogSavePackage:Display: Finished SavePackage ../../../../../../Users/kurni/Documents/Unreal Projects/Ubud Bali 2/ArchvisVid/Saved/Autosaves/Game/Maps/Villa1-D_BuiltData_Auto4.uasset
[2017.10.03-00.58.44:953][895]LogFileHelpers: Auto-saving content packages took 0.069
[2017.10.03-06.07.16:513][433]LogEditorViewport: Clicking on Actor (LMB): StaticMeshActor (kitchenset)
[2017.10.03-06.07.23:190][995]LogEditorViewport: Clicking on Actor (LMB): StaticMeshActor (kitchenset)
[2017.10.03-06.07.44:921][ 39]LogSavePackage: Save=14.07ms
[2017.10.03-06.07.44:921][ 39]LogSavePackage: Moving '../../../../../../Users/kurni/Documents/Unreal Projects/Ubud Bali 2/ArchvisVid/Saved/kitchensetD2CB119C49057449D052F18357C2E232.tmp' to '../../../../../../Users/kurni/Documents/Unreal Projects/Ubud Bali 2/ArchvisVid/Content/Architectures/Villa1-D/Mesh/kitchenset.uasset'
[2017.10.03-06.07.44:928][ 39]LogSavePackage:Display: Finished SavePackage ../../../../../../Users/kurni/Documents/Unreal Projects/Ubud Bali 2/ArchvisVid/Content/Architectures/Villa1-D/Mesh/kitchenset.uasset
[2017.10.03-06.07.49:239][512]Cmd: SELECT NONE
[2017.10.03-06.08.27:151][743]LogSavePackage: Save=405.57ms
[2017.10.03-06.08.27:151][743]LogSavePackage: Moving '../../../../../../Users/kurni/Documents/Unreal Projects/Ubud Bali 2/ArchvisVid/Saved/Villa1-DF567F1C94D7B23A07FD991AB02FC19E9.tmp' to '../../../../../../Users/kurni/Documents/Unreal Projects/Ubud Bali 2/ArchvisVid/Content/Maps/Villa1-D.umap'
[2017.10.03-06.08.27:157][743]LogSavePackage:Display: Finished SavePackage ../../../../../../Users/kurni/Documents/Unreal Projects/Ubud Bali 2/ArchvisVid/Content/Maps/Villa1-D.umap
[2017.10.03-06.08.27:189][743]LogFileHelpers: Saving map 'Villa1-D' took 0.523
[2017.10.03-06.08.27:191][743]Cmd: OBJ SAVEPACKAGE PACKAGE="/Game/Maps/Villa1-D_BuiltData" FILE="../../../../../../Users/kurni/Documents/Unreal Projects/Ubud Bali 2/ArchvisVid/Content/Maps/Villa1-D_BuiltData.uasset" SILENT=true
[2017.10.03-06.08.27:873][743]LogSavePackage: Save=662.06ms
[2017.10.03-06.08.27:873][743]LogSavePackage: Moving '../../../../../../Users/kurni/Documents/Unreal Projects/Ubud Bali 2/ArchvisVid/Saved/Villa1-D_BuiltData29E8C17C4C4B450AE164BAA888B5E555.tmp' to '../../../../../../Users/kurni/Documents/Unreal Projects/Ubud Bali 2/ArchvisVid/Content/Maps/Villa1-D_BuiltData.uasset'
[2017.10.03-06.08.27:880][743]LogSavePackage:Display: Finished SavePackage ../../../../../../Users/kurni/Documents/Unreal Projects/Ubud Bali 2/ArchvisVid/Content/Maps/Villa1-D_BuiltData.uasset
[2017.10.03-06.08.30:043][974]LogWindowsTextInputMethodSystem:Display: IME system now deactivated.
[2017.10.03-06.08.30:248][975]Cmd: QUIT_EDITOR
[2017.10.03-06.08.30:291][975]LogExit: Preparing to exit.
[2017.10.03-06.08.30:913][975]LogDirectoryWatcher: A directory notification for 'C:/Users/kurni/Documents/Unreal Projects/Ubud Bali 2/ArchvisVid/Content/' was aborted.
[2017.10.03-06.08.31:041][975]LogExit: Editor shut down
[2017.10.03-06.08.31:074][975]LogExit: Transaction tracking system shut down
[2017.10.03-06.08.31:606][975]LogObj: Freed 0b from 0 cluster array pools.
[2017.10.03-06.08.31:618][975]LogExit: Object subsystem successfully closed.
[2017.10.03-06.08.31:669][975]LogD3D11RHI: Shutdown
[2017.10.03-06.08.31:669][975]LogD3D11RHI: CleanupD3DDevice
[2017.10.03-06.08.31:930][975]LogD3D11RHI: ~FD3D11DynamicRHI
[2017.10.03-06.08.31:962][975]LogModuleManager: Shutting down and abandoning module StaticMeshEditor (528)
[2017.10.03-06.08.31:962][975]LogModuleManager: Shutting down and abandoning module MaterialEditor (526)
[2017.10.03-06.08.31:962][975]LogModuleManager: Shutting down and abandoning module HierarchicalLODOutliner (524)
[2017.10.03-06.08.31:962][975]LogModuleManager: Shutting down and abandoning module CrashTracker (522)
[2017.10.03-06.08.31:962][975]LogModuleManager: Shutting down and abandoning module SceneOutliner (520)
[2017.10.03-06.08.31:962][975]LogModuleManager: Shutting down and abandoning module AddContentDialog (518)
[2017.10.03-06.08.31:962][975]LogDirectoryWatcher: A directory notification for 'C:/Program Files/Epic Games/UE_4.16/FeaturePacks/' was aborted.
[2017.10.03-06.08.31:971][975]LogModuleManager: Shutting down and abandoning module WidgetCarousel (517)
[2017.10.03-06.08.31:971][975]LogModuleManager: Shutting down and abandoning module EditorWidgets (514)
[2017.10.03-06.08.31:971][975]LogModuleManager: Shutting down and abandoning module CollectionManager (512)
[2017.10.03-06.08.31:971][975]LogDirectoryWatcher: A directory notification for 'C:/Users/kurni/Documents/Unreal Projects/Ubud Bali 2/ArchvisVid/Content/Collections/' was aborted.
[2017.10.03-06.08.31:971][975]LogDirectoryWatcher: A directory notification for 'C:/Users/kurni/Documents/Unreal Projects/Ubud Bali 2/ArchvisVid/Content/Developers/kurni/Collections/' was aborted.
[2017.10.03-06.08.31:971][975]LogDirectoryWatcher: A directory notification for 'C:/Users/kurni/Documents/Unreal Projects/Ubud Bali 2/ArchvisVid/Saved/Collections/' was aborted.
[2017.10.03-06.08.31:971][975]LogModuleManager: Shutting down and abandoning module StatsViewer (510)
[2017.10.03-06.08.31:971][975]LogModuleManager: Shutting down and abandoning module FoliageEdit (508)
[2017.10.03-06.08.31:971][975]LogModuleManager: Shutting down and abandoning module LandscapeEditor (506)
[2017.10.03-06.08.31:972][975]LogModuleManager: Shutting down and abandoning module MeshPaintMode (504)
[2017.10.03-06.08.31:972][975]LogModuleManager: Shutting down and abandoning module SceneDepthPickerMode (502)
[2017.10.03-06.08.31:972][975]LogModuleManager: Shutting down and abandoning module ActorPickerMode (500)
[2017.10.03-06.08.31:972][975]LogModuleManager: Shutting down and abandoning module GeometryMode (498)
[2017.10.03-06.08.31:972][975]LogModuleManager: Shutting down and abandoning module TextureAlignMode (496)
[2017.10.03-06.08.31:972][975]LogModuleManager: Shutting down and abandoning module BspMode (494)
[2017.10.03-06.08.31:972][975]LogModuleManager: Shutting down and abandoning module HardwareSurvey (492)
[2017.10.03-06.08.31:972][975]LogModuleManager: Shutting down and abandoning module SequenceRecorderSections (490)
[2017.10.03-06.08.31:972][975]LogModuleManager: Shutting down and abandoning module AutomationWorker (488)
[2017.10.03-06.08.31:972][975]LogModuleManager: Shutting down and abandoning module MatineeToLevelSequence (486)
[2017.10.03-06.08.31:972][975]LogModuleManager: Shutting down and abandoning module LevelSequenceEditor (484)
[2017.10.03-06.08.31:973][975]LogModuleManager: Shutting down and abandoning module PlacementMode (483)
[2017.10.03-06.08.31:973][975]LogModuleManager: Shutting down and abandoning module WmfMediaFactory (480)
[2017.10.03-06.08.31:973][975]LogModuleManager: Shutting down and abandoning module WmfMediaEditor (478)
[2017.10.03-06.08.31:973][975]LogModuleManager: Shutting down and abandoning module AvfMediaFactory (476)
[2017.10.03-06.08.31:973][975]LogModuleManager: Shutting down and abandoning module AvfMediaEditor (474)
[2017.10.03-06.08.31:973][975]LogModuleManager: Shutting down and abandoning module AndroidMediaFactory (472)
[2017.10.03-06.08.31:973][975]LogModuleManager: Shutting down and abandoning module Media (471)
[2017.10.03-06.08.31:973][975]LogModuleManager: Shutting down and abandoning module AndroidMediaEditor (468)
[2017.10.03-06.08.31:973][975]LogModuleManager: Shutting down and abandoning module CharacterAI (466)
[2017.10.03-06.08.31:973][975]LogModuleManager: Shutting down and abandoning module AudioCapture (464)
[2017.10.03-06.08.31:973][975]LogModuleManager: Shutting down and abandoning module SequenceRecorder (463)
[2017.10.03-06.08.31:973][975]LogModuleManager: Shutting down and abandoning module SmartSnapping (460)
[2017.10.03-06.08.31:973][975]LogModuleManager: Shutting down and abandoning module SessionServices (458)
[2017.10.03-06.08.31:973][975]LogModuleManager: Shutting down and abandoning module ViewportSnapping (456)
[2017.10.03-06.08.31:973][975]LogModuleManager: Shutting down and abandoning module ViewportInteraction (454)
[2017.10.03-06.08.31:973][975]LogModuleManager: Shutting down and abandoning module ClothPainter (452)
[2017.10.03-06.08.31:973][975]LogModuleManager: Shutting down and abandoning module LogVisualizer (450)
[2017.10.03-06.08.31:973][975]LogModuleManager: Shutting down and abandoning module IntroTutorials (448)
[2017.10.03-06.08.31:973][975]LogModuleManager: Shutting down and abandoning module GameProjectGeneration (447)
[2017.10.03-06.08.31:973][975]LogModuleManager: Shutting down and abandoning module EditorLiveStreaming (444)
[2017.10.03-06.08.31:973][975]LogModuleManager: Shutting down and abandoning module IOSPlatformEditor (442)
[2017.10.03-06.08.31:973][975]LogModuleManager: Shutting down and abandoning module HTML5PlatformEditor (440)
[2017.10.03-06.08.31:973][975]LogModuleManager: Shutting down and abandoning module AndroidPlatformEditor (438)
[2017.10.03-06.08.31:973][975]LogModuleManager: Shutting down and abandoning module AndroidDeviceDetection (437)
[2017.10.03-06.08.32:586][975]LogModuleManager: Shutting down and abandoning module IOSRuntimeSettings (434)
[2017.10.03-06.08.32:586][975]LogModuleManager: Shutting down and abandoning module AndroidRuntimeSettings (432)
[2017.10.03-06.08.32:586][975]LogModuleManager: Shutting down and abandoning module InputBindingEditor (430)
[2017.10.03-06.08.32:586][975]LogModuleManager: Shutting down and abandoning module MergeActors (428)
[2017.10.03-06.08.32:586][975]LogModuleManager: Shutting down and abandoning module SizeMap (426)
[2017.10.03-06.08.32:586][975]LogModuleManager: Shutting down and abandoning module TreeMap (424)
[2017.10.03-06.08.32:586][975]LogModuleManager: Shutting down and abandoning module ReferenceViewer (422)
[2017.10.03-06.08.32:586][975]LogModuleManager: Shutting down and abandoning module LocalizationDashboard (420)
[2017.10.03-06.08.32:586][975]LogModuleManager: Shutting down and abandoning module LocalizationService (419)
[2017.10.03-06.08.32:586][975]LogModuleManager: Shutting down and abandoning module HardwareTargeting (416)
[2017.10.03-06.08.32:586][975]LogModuleManager: Shutting down and abandoning module DeviceProfileEditor (414)
[2017.10.03-06.08.32:586][975]LogModuleManager: Shutting down and abandoning module UndoHistory (412)
[2017.10.03-06.08.32:586][975]LogModuleManager: Shutting down and abandoning module UserFeedback (410)
[2017.10.03-06.08.32:586][975]LogModuleManager: Shutting down and abandoning module XmlParser (408)
[2017.10.03-06.08.32:586][975]LogModuleManager: Shutting down and abandoning module Blutility (406)
[2017.10.03-06.08.32:586][975]LogModuleManager: Shutting down and abandoning module ProjectSettingsViewer (404)
[2017.10.03-06.08.32:586][975]LogModuleManager: Shutting down and abandoning module ProjectTargetPlatformEditor (403)
[2017.10.03-06.08.32:586][975]LogModuleManager: Shutting down and abandoning module EditorSettingsViewer (400)
[2017.10.03-06.08.32:587][975]LogModuleManager: Shutting down and abandoning module SettingsEditor (398)
[2017.10.03-06.08.32:587][975]LogModuleManager: Shutting down and abandoning module ProjectLauncher (396)
[2017.10.03-06.08.32:587][975]LogModuleManager: Shutting down and abandoning module SessionFrontend (394)
[2017.10.03-06.08.32:587][975]LogModuleManager: Shutting down and abandoning module ProfilerClient (392)
[2017.10.03-06.08.32:587][975]LogModuleManager: Shutting down and abandoning module DeviceManager (390)
[2017.10.03-06.08.32:587][975]LogModuleManager: Shutting down and abandoning module TargetDeviceServices (389)
[2017.10.03-06.08.32:641][975]LogModuleManager: Shutting down and abandoning module AutomationController (386)
[2017.10.03-06.08.32:641][975]LogModuleManager: Shutting down and abandoning module AutomationWindow (384)
[2017.10.03-06.08.32:641][975]LogModuleManager: Shutting down and abandoning module Layers (382)
[2017.10.03-06.08.32:641][975]LogModuleManager: Shutting down and abandoning module ComponentVisualizers (380)
[2017.10.03-06.08.32:641][975]LogModuleManager: Shutting down and abandoning module DetailCustomizations (378)
[2017.10.03-06.08.32:641][975]LogModuleManager: Shutting down and abandoning module PackagesDialog (376)
[2017.10.03-06.08.32:641][975]LogModuleManager: Shutting down and abandoning module Persona (374)
[2017.10.03-06.08.32:641][975]LogModuleManager: Shutting down and abandoning module AdvancedPreviewScene (373)
[2017.10.03-06.08.32:641][975]LogModuleManager: Shutting down and abandoning module AnimGraph (371)
[2017.10.03-06.08.32:641][975]LogModuleManager: Shutting down and abandoning module Kismet (368)
[2017.10.03-06.08.32:642][975]LogModuleManager: Shutting down and abandoning module ClassViewer (366)
[2017.10.03-06.08.32:642][975]LogModuleManager: Shutting down and abandoning module Toolbox (364)
[2017.10.03-06.08.32:642][975]LogModuleManager: Shutting down and abandoning module ModuleUI (362)
[2017.10.03-06.08.32:642][975]LogModuleManager: Shutting down and abandoning module MovieSceneTools (360)
[2017.10.03-06.08.32:642][975]LogModuleManager: Shutting down and abandoning module OutputLog (358)
[2017.10.03-06.08.32:642][975]LogModuleManager: Shutting down and abandoning module GammaUI (356)
[2017.10.03-06.08.32:642][975]LogModuleManager: Shutting down and abandoning module Documentation (354)
[2017.10.03-06.08.32:642][975]LogModuleManager: Shutting down and abandoning module MovieSceneTracks (352)
[2017.10.03-06.08.32:642][975]LogModuleManager: Shutting down and abandoning module MovieScene (350)
[2017.10.03-06.08.32:642][975]LogModuleManager: Shutting down and abandoning module Niagara (348)
[2017.10.03-06.08.32:642][975]LogModuleManager: Shutting down and abandoning module NiagaraEditor (347)
[2017.10.03-06.08.32:642][975]LogModuleManager: Shutting down and abandoning module StreamingPauseRendering (344)
[2017.10.03-06.08.32:642][975]LogModuleManager: Shutting down and abandoning module AnalyticsET (342)
[2017.10.03-06.08.32:642][975]LogModuleManager: Shutting down and abandoning module PortalServices (340)
[2017.10.03-06.08.32:642][975]LogModuleManager: Shutting down and abandoning module PortalRpc (338)
[2017.10.03-06.08.32:642][975]LogModuleManager: Shutting down and abandoning module MessagingRpc (336)
[2017.10.03-06.08.32:642][975]LogModuleManager: Shutting down and abandoning module AIModule (334)
[2017.10.03-06.08.32:642][975]LogModuleManager: Shutting down and abandoning module GameplayDebugger (333)
[2017.10.03-06.08.32:642][975]LogModuleManager: Shutting down and abandoning module AITestSuite (331)
[2017.10.03-06.08.32:642][975]LogModuleManager: Shutting down and abandoning module ProfilerService (328)
[2017.10.03-06.08.32:691][975]LogModuleManager: Shutting down and abandoning module TaskGraph (326)
[2017.10.03-06.08.32:691][975]LogModuleManager: Shutting down and abandoning module SteamVRController (324)
[2017.10.03-06.08.32:691][975]LogModuleManager: Shutting down and abandoning module SteamVR (322)
[2017.10.03-06.08.32:691][975]LogModuleManager: Shutting down and abandoning module ProceduralMeshComponentEditor (320)
[2017.10.03-06.08.32:691][975]LogModuleManager: Shutting down and abandoning module ProceduralMeshComponent (318)
[2017.10.03-06.08.32:691][975]LogModuleManager: Shutting down and abandoning module OculusLibrary (316)
[2017.10.03-06.08.32:691][975]LogModuleManager: Shutting down and abandoning module OculusInput (314)
[2017.10.03-06.08.32:691][975]LogModuleManager: Shutting down and abandoning module MobilePatchingUtils (312)
[2017.10.03-06.08.32:691][975]LogModuleManager: Shutting down and abandoning module CustomMeshComponent (310)
[2017.10.03-06.08.32:691][975]LogModuleManager: Shutting down and abandoning module CableComponent (308)
[2017.10.03-06.08.32:691][975]LogModuleManager: Shutting down and abandoning module ArchVisCharacter (306)
[2017.10.03-06.08.32:691][975]LogModuleManager: Shutting down and abandoning module AndroidPermission (304)
[2017.10.03-06.08.32:691][975]LogModuleManager: Shutting down and abandoning module MediaPlayerEditor (300)
[2017.10.03-06.08.32:692][975]LogModuleManager: Shutting down and abandoning module HTML5Networking (298)
[2017.10.03-06.08.32:692][975]LogModuleManager: Shutting down and abandoning module AlembicImporter (296)
[2017.10.03-06.08.32:692][975]LogModuleManager: Shutting down and abandoning module AlembicLibrary (295)
[2017.10.03-06.08.32:692][975]LogModuleManager: Shutting down and abandoning module GeometryCache (294)
[2017.10.03-06.08.32:692][975]LogModuleManager: Shutting down and abandoning module GeometryCacheEd (293)
[2017.10.03-06.08.32:692][975]LogModuleManager: Shutting down and abandoning module SuperSearchEditor (288)
[2017.10.03-06.08.32:692][975]LogModuleManager: Shutting down and abandoning module SuperSearch (287)
[2017.10.03-06.08.32:692][975]LogModuleManager: Shutting down and abandoning module SpeedTreeImporter (284)
[2017.10.03-06.08.32:692][975]LogModuleManager: Shutting down and abandoning module PluginBrowser (282)
[2017.10.03-06.08.32:692][975]LogModuleManager: Shutting down and abandoning module MobileLauncherProfileWizard (280)
[2017.10.03-06.08.32:692][975]LogModuleManager: Shutting down and abandoning module VisualStudioSourceCodeAccess (278)
[2017.10.03-06.08.32:692][975]LogModuleManager: Shutting down and abandoning module DesktopPlatform (277)
[2017.10.03-06.08.32:692][975]LogModuleManager: Shutting down and abandoning module UObjectPlugin (274)
[2017.10.03-06.08.32:692][975]LogModuleManager: Shutting down and abandoning module SubversionSourceControl (272)
[2017.10.03-06.08.32:692][975]LogModuleManager: Shutting down and abandoning module PerforceSourceControl (270)
[2017.10.03-06.08.32:692][975]LogModuleManager: Shutting down and abandoning module GitSourceControl (268)
[2017.10.03-06.08.32:692][975]LogModuleManager: Shutting down and abandoning module SourceControl (267)
[2017.10.03-06.08.32:692][975]LogModuleManager: Shutting down and abandoning module LightPropagationVolumeEditor (264)
[2017.10.03-06.08.32:692][975]LogModuleManager: Shutting down and abandoning module PaperTiledImporter (262)
[2017.10.03-06.08.32:692][975]LogModuleManager: Shutting down and abandoning module PaperSpriteSheetImporter (260)
[2017.10.03-06.08.32:692][975]LogModuleManager: Shutting down and abandoning module Paper2DEditor (258)
[2017.10.03-06.08.32:692][975]LogModuleManager: Shutting down and abandoning module MeshPaint (257)
[2017.10.03-06.08.32:692][975]LogModuleManager: Shutting down and abandoning module LevelEditor (255)
[2017.10.03-06.08.32:693][975]LogModuleManager: Shutting down and abandoning module PixelInspectorModule (254)
[2017.10.03-06.08.32:693][975]LogModuleManager: Shutting down and abandoning module MainFrame (252)
[2017.10.03-06.08.32:693][975]LogModuleManager: Shutting down and abandoning module HotReload (251)
[2017.10.03-06.08.32:693][975]LogModuleManager: Shutting down and abandoning module PhysXVehiclesEditor (246)
[2017.10.03-06.08.32:693][975]LogModuleManager: Shutting down and abandoning module PhysXVehicles (244)
[2017.10.03-06.08.32:693][975]LogModuleManager: Shutting down and abandoning module LocationServicesBPLibrary (242)
[2017.10.03-06.08.32:693][975]LogModuleManager: Shutting down and abandoning module ImmediatePhysicsEditor (240)
[2017.10.03-06.08.32:693][975]LogModuleManager: Shutting down and abandoning module ImmediatePhysics (238)
[2017.10.03-06.08.32:693][975]LogModuleManager: Shutting down and abandoning module UdpMessaging (236)
[2017.10.03-06.08.32:794][975]LogModuleManager: Shutting down and abandoning module TcpMessaging (234)
[2017.10.03-06.08.32:895][975]LogModuleManager: Shutting down and abandoning module GameplayTagsEditor (232)
[2017.10.03-06.08.32:895][975]LogModuleManager: Shutting down and abandoning module FacialAnimationEditor (230)
[2017.10.03-06.08.32:895][975]LogModuleManager: Shutting down and abandoning module FacialAnimation (228)
[2017.10.03-06.08.32:895][975]LogModuleManager: Shutting down and abandoning module AssetManagerEditor (226)
[2017.10.03-06.08.32:895][975]LogModuleManager: Shutting down and abandoning module GraphEditor (225)
[2017.10.03-06.08.32:895][975]LogModuleManager: Shutting down and abandoning module ContentBrowser (223)
[2017.10.03-06.08.32:898][975]LogModuleManager: Shutting down and abandoning module LightPropagationVolumeRuntime (220)
[2017.10.03-06.08.32:898][975]LogModuleManager: Shutting down and abandoning module Paper2D (218)
[2017.10.03-06.08.32:898][975]LogModuleManager: Shutting down and abandoning module WindowsMoviePlayer (216)
[2017.10.03-06.08.32:898][975]LogModuleManager: Shutting down and abandoning module WmfMedia (214)
[2017.10.03-06.08.32:898][975]LogModuleManager: Shutting down and abandoning module ClothingSystemEditor (212)
[2017.10.03-06.08.32:898][975]LogModuleManager: Shutting down and abandoning module ClothingSystemRuntime (210)
[2017.10.03-06.08.32:898][975]LogModuleManager: Shutting down and abandoning module MediaAssets (208)
[2017.10.03-06.08.32:898][975]LogModuleManager: Shutting down and abandoning module GameLiveStreaming (206)
[2017.10.03-06.08.32:898][975]LogModuleManager: Shutting down and abandoning module VREditor (204)
[2017.10.03-06.08.32:898][975]LogModuleManager: Shutting down and abandoning module StringTableEditor (202)
[2017.10.03-06.08.32:898][975]LogModuleManager: Shutting down and abandoning module GameplayTasksEditor (200)
[2017.10.03-06.08.32:898][975]LogModuleManager: Shutting down and abandoning module BehaviorTreeEditor (198)
[2017.10.03-06.08.32:898][975]LogModuleManager: Shutting down and abandoning module FunctionalTesting (196)
[2017.10.03-06.08.32:898][975]LogModuleManager: Shutting down and abandoning module CollisionAnalyzer (194)
[2017.10.03-06.08.32:898][975]LogModuleManager: Shutting down and abandoning module UMG (192)
[2017.10.03-06.08.32:899][975]LogModuleManager: Shutting down and abandoning module UMGEditor (191)
[2017.10.03-06.08.32:899][975]LogModuleManager: Shutting down and abandoning module Sequencer (190)
[2017.10.03-06.08.32:901][975]LogModuleManager: Shutting down and abandoning module AssetTools (188)
[2017.10.03-06.08.32:901][975]LogModuleManager: Shutting down and abandoning module MessageLog (187)
[2017.10.03-06.08.32:901][975]LogModuleManager: Shutting down and abandoning module WorkspaceMenuStructure (186)
[2017.10.03-06.08.32:901][975]LogModuleManager: Shutting down and abandoning module SlateReflector (180)
[2017.10.03-06.08.32:901][975]LogModuleManager: Shutting down and abandoning module Slate (178)
[2017.10.03-06.08.32:901][975]LogModuleManager: Shutting down and abandoning module EditorStyle (176)
[2017.10.03-06.08.32:906][975]LogModuleManager: Shutting down and abandoning module SourceCodeAccess (174)
[2017.10.03-06.08.32:906][975]LogModuleManager: Shutting down and abandoning module HeadMountedDisplay (172)
[2017.10.03-06.08.32:906][975]LogModuleManager: Shutting down and abandoning module XAudio2 (170)
[2017.10.03-06.08.32:906][975]LogModuleManager: Shutting down and abandoning module Networking (168)
[2017.10.03-06.08.32:906][975]LogModuleManager: Shutting down and abandoning module Core (164)
[2017.10.03-06.08.32:906][975]LogModuleManager: Shutting down and abandoning module AssetRegistry (162)
[2017.10.03-06.08.33:056][975]LogDirectoryWatcher: A directory notification for '../../../Engine/Content/' was aborted.
[2017.10.03-06.08.33:056][975]LogDirectoryWatcher: A directory notification for '../../../../../../Users/kurni/Documents/Unreal Projects/Ubud Bali 2/ArchvisVid/Content/' was aborted.
[2017.10.03-06.08.33:056][975]LogDirectoryWatcher: A directory notification for '../../../Engine/Plugins/2D/Paper2D/Content/' was aborted.
[2017.10.03-06.08.33:056][975]LogDirectoryWatcher: A directory notification for '../../../Engine/Plugins/Runtime/GearVR/Content/' was aborted.
[2017.10.03-06.08.33:072][975]LogModuleManager: Shutting down and abandoning module DirectoryWatcher (161)
[2017.10.03-06.08.33:076][975]LogModuleManager: Shutting down and abandoning module KismetCompiler (158)
[2017.10.03-06.08.33:076][975]LogModuleManager: Shutting down and abandoning module LevelSequence (156)
[2017.10.03-06.08.33:076][975]LogModuleManager: Shutting down and abandoning module PhysXFormats (154)
[2017.10.03-06.08.33:076][975]LogModuleManager: Shutting down and abandoning module MeshUtilities (152)
[2017.10.03-06.08.33:076][975]LogModuleManager: Shutting down and abandoning module SimplygonSwarm (151)
[2017.10.03-06.08.33:076][975]LogModuleManager: Shutting down and abandoning module SimplygonMeshReduction (149)
[2017.10.03-06.08.33:076][975]LogModuleManager: Shutting down and abandoning module QuadricMeshReduction (147)
[2017.10.03-06.08.33:077][975]LogModuleManager: Shutting down and abandoning module DerivedDataCache (144)
[2017.10.03-06.08.33:091][975]LogDerivedDataCache: Shutdown
[2017.10.03-06.08.33:091][975]LogModuleManager: Shutting down and abandoning module TargetPlatform (142)
[2017.10.03-06.08.33:091][975]LogModuleManager: Shutting down and abandoning module VulkanShaderFormat (141)
[2017.10.03-06.08.33:091][975]LogModuleManager: Shutting down and abandoning module ShaderFormatVectorVM (139)
[2017.10.03-06.08.33:091][975]LogModuleManager: Shutting down and abandoning module ShaderFormatOpenGL (137)
[2017.10.03-06.08.33:091][975]LogModuleManager: Shutting down and abandoning module ShaderFormatD3D (135)
[2017.10.03-06.08.33:091][975]LogModuleManager: Shutting down and abandoning module MetalShaderFormat (133)
[2017.10.03-06.08.33:091][975]LogModuleManager: Shutting down and abandoning module TextureFormatUncompressed (131)
[2017.10.03-06.08.33:091][975]LogModuleManager: Shutting down and abandoning module TextureFormatPVR (129)
[2017.10.03-06.08.33:091][975]LogModuleManager: Shutting down and abandoning module TextureFormatDXT (127)
[2017.10.03-06.08.33:091][975]LogModuleManager: Shutting down and abandoning module TextureFormatIntelISPCTexComp (125)
[2017.10.03-06.08.33:091][975]LogModuleManager: Shutting down and abandoning module TextureFormatASTC (123)
[2017.10.03-06.08.33:091][975]LogModuleManager: Shutting down and abandoning module ImageWrapper (122)
[2017.10.03-06.08.33:091][975]LogModuleManager: Shutting down and abandoning module TextureFormatAndroid (119)
[2017.10.03-06.08.33:091][975]LogModuleManager: Shutting down and abandoning module AudioFormatOpus (117)
[2017.10.03-06.08.33:091][975]LogModuleManager: Shutting down and abandoning module AudioFormatOgg (115)
[2017.10.03-06.08.33:091][975]LogModuleManager: Shutting down and abandoning module AudioFormatADPCM (113)
[2017.10.03-06.08.33:091][975]LogModuleManager: Shutting down and abandoning module LinuxTargetPlatform (111)
[2017.10.03-06.08.33:091][975]LogModuleManager: Shutting down and abandoning module LinuxServerTargetPlatform (109)
[2017.10.03-06.08.33:092][975]LogModuleManager: Shutting down and abandoning module LinuxNoEditorTargetPlatform (107)
[2017.10.03-06.08.33:092][975]LogModuleManager: Shutting down and abandoning module LinuxClientTargetPlatform (105)
[2017.10.03-06.08.33:092][975]LogModuleManager: Shutting down and abandoning module TVOSTargetPlatform (103)
[2017.10.03-06.08.33:092][975]LogModuleManager: Shutting down and abandoning module Messaging (101)
[2017.10.03-06.08.33:092][975]LogModuleManager: Shutting down and abandoning module IOSTargetPlatform (99)
[2017.10.03-06.08.33:092][975]LogModuleManager: Shutting down and abandoning module HTML5TargetPlatform (97)
[2017.10.03-06.08.33:092][975]LogModuleManager: Shutting down and abandoning module Android_PVRTCTargetPlatform (95)
[2017.10.03-06.08.33:092][975]LogModuleManager: Shutting down and abandoning module Android_MultiTargetPlatform (93)
[2017.10.03-06.08.33:092][975]LogModuleManager: Shutting down and abandoning module Android_ETC2TargetPlatform (91)
[2017.10.03-06.08.33:092][975]LogModuleManager: Shutting down and abandoning module Android_ETC1TargetPlatform (89)
[2017.10.03-06.08.33:092][975]LogModuleManager: Shutting down and abandoning module Android_DXTTargetPlatform (87)
[2017.10.03-06.08.33:092][975]LogModuleManager: Shutting down and abandoning module Android_ATCTargetPlatform (85)
[2017.10.03-06.08.33:092][975]LogModuleManager: Shutting down and abandoning module Android_ASTCTargetPlatform (83)
[2017.10.03-06.08.33:092][975]LogModuleManager: Shutting down and abandoning module AndroidTargetPlatform (81)
[2017.10.03-06.08.33:092][975]LogModuleManager: Shutting down and abandoning module WindowsTargetPlatform (79)
[2017.10.03-06.08.33:092][975]LogModuleManager: Shutting down and abandoning module WindowsServerTargetPlatform (77)
[2017.10.03-06.08.33:092][975]LogModuleManager: Shutting down and abandoning module WindowsNoEditorTargetPlatform (75)
[2017.10.03-06.08.33:092][975]LogModuleManager: Shutting down and abandoning module WindowsClientTargetPlatform (73)
[2017.10.03-06.08.33:092][975]LogModuleManager: Shutting down and abandoning module MacTargetPlatform (71)
[2017.10.03-06.08.33:092][975]LogModuleManager: Shutting down and abandoning module MacServerTargetPlatform (69)
[2017.10.03-06.08.33:092][975]LogModuleManager: Shutting down and abandoning module MacNoEditorTargetPlatform (67)
[2017.10.03-06.08.33:092][975]LogModuleManager: Shutting down and abandoning module MacClientTargetPlatform (65)
[2017.10.03-06.08.33:092][975]LogModuleManager: Shutting down and abandoning module AllDesktopTargetPlatform (63)
[2017.10.03-06.08.33:092][975]LogModuleManager: Shutting down and abandoning module InputCore (60)
[2017.10.03-06.08.33:092][975]LogModuleManager: Shutting down and abandoning module Settings (58)
[2017.10.03-06.08.33:092][975]LogModuleManager: Shutting down and abandoning module OculusRift (56)
[2017.10.03-06.08.33:092][975]LogModuleManager: Shutting down and abandoning module GearVRController (54)
[2017.10.03-06.08.33:092][975]LogModuleManager: Shutting down and abandoning module GearVR (52)
[2017.10.03-06.08.33:092][975]LogModuleManager: Shutting down and abandoning module ExampleDeviceProfileSelector (50)
[2017.10.03-06.08.33:092][975]LogModuleManager: Shutting down and abandoning module OnlineBlueprintSupport (48)
[2017.10.03-06.08.33:092][975]LogModuleManager: Shutting down and abandoning module OnlineSubsystem (44)
[2017.10.03-06.08.33:092][975]LogOnline:Display: Unloading online subsystem: NULL
[2017.10.03-06.08.33:092][975]LogModuleManager: Shutting down and abandoning module XMPP (43)
[2017.10.03-06.08.33:092][975]LogModuleManager: Shutting down and abandoning module HTTP (41)
[2017.10.03-06.08.33:092][975]LogHttp:Display: Http module shutting down, but needs to wait on 1 outstanding Http requests:
[2017.10.03-06.08.33:092][975]LogHttp:Display: 	verb=[POST] url=[https://datarouter.ol.epicgames.com/datarouter/api/v1/public/data?SessionID=%7BCD8B77A2-4FD8-BEE5-BCCC-B38289940C41%7D&AppID=UEEditor.Rocket.Release&AppVersion=4.16.3-3561208%2B%2B%2BUE4%2BRelease-4.16&UserID=21226fdd41bdecd9443e70bc1112e8a0%7C5539beacf0a94fa5aa94adcb14b63fec%7Cc50c772a-d044-4a1c-a8a4-fc33fb381b92&AppEnvironment=datacollector-binary&UploadType=eteventstream] status=Processing
[2017.10.03-06.08.33:105][975]LogModuleManager: Shutting down and abandoning module SSL (40)
[2017.10.03-06.08.33:107][975]LogModuleManager: Shutting down and abandoning module HTTPChunkInstaller (36)
[2017.10.03-06.08.33:107][975]LogModuleManager: Shutting down and abandoning module AnimationModifiers (34)
[2017.10.03-06.08.33:107][975]LogModuleManager: Shutting down and abandoning module PropertyEditor (33)
[2017.10.03-06.08.33:107][975]LogModuleManager: Shutting down and abandoning module AudioEditor (30)
[2017.10.03-06.08.33:107][975]LogModuleManager: Shutting down and abandoning module TextureCompressor (28)
[2017.10.03-06.08.33:107][975]LogModuleManager: Shutting down and abandoning module ShaderCore (26)
[2017.10.03-06.08.33:107][975]LogModuleManager: Shutting down and abandoning module Landscape (24)
[2017.10.03-06.08.33:107][975]LogModuleManager: Shutting down and abandoning module SlateRHIRenderer (22)
[2017.10.03-06.08.33:110][975]LogModuleManager: Shutting down and abandoning module OpenGLDrv (20)
[2017.10.03-06.08.33:110][975]LogModuleManager: Shutting down and abandoning module D3D11RHI (18)
[2017.10.03-06.08.33:110][975]LogModuleManager: Shutting down and abandoning module AnimGraphRuntime (16)
[2017.10.03-06.08.33:110][975]LogModuleManager: Shutting down and abandoning module Renderer (14)
[2017.10.03-06.08.33:110][975]LogModuleManager: Shutting down and abandoning module Engine (12)
[2017.10.03-06.08.33:110][975]LogModuleManager: Shutting down and abandoning module CoreUObject (10)
[2017.10.03-06.08.33:110][975]LogModuleManager: Shutting down and abandoning module NetworkFile (8)
[2017.10.03-06.08.33:110][975]LogModuleManager: Shutting down and abandoning module StreamingFile (6)
[2017.10.03-06.08.33:111][975]LogModuleManager: Shutting down and abandoning module SandboxFile (4)
[2017.10.03-06.08.33:111][975]LogModuleManager: Shutting down and abandoning module PakFile (2)
[2017.10.03-06.08.33:114][975]LogExit: Exiting.
[2017.10.03-06.08.33:129][975]Log file closed, 10/03/17 13:08:33
